  [1m[35m (3.4ms)[0m  [1m[34mSELECT sqlite_version(*)[0m
  [1m[35m (74.1ms)[0m  [1m[35mCREATE TABLE "schema_migrations" ("version" varchar NOT NULL PRIMARY KEY)[0m
  [1m[35m (54.9ms)[0m  [1m[35mCREATE TABLE "ar_internal_metadata" ("key" varchar NOT NULL PRIMARY KEY, "value" varchar, "created_at" datetime(6) NOT NULL, "updated_at" datetime(6) NOT NULL)[0m
  [1m[35m (0.2ms)[0m  [1m[34mSELECT "schema_migrations"."version" FROM "schema_migrations" ORDER BY "schema_migrations"."version" ASC[0m
Migrating to CreatePeople (20220318110843)
  [1m[36mTRANSACTION (0.1ms)[0m  [1m[36mbegin transaction[0m
  [1m[35m (0.4ms)[0m  [1m[35mCREATE TABLE "people" ("id" integer PRIMARY KEY AUTOINCREMENT NOT NULL, "name" varchar, "surname" varchar, "age" integer, "email" varchar, "created_at" datetime(6) NOT NULL, "updated_at" datetime(6) NOT NULL)[0m
  [1m[36mActiveRecord::SchemaMigration Create (0.3ms)[0m  [1m[32mINSERT INTO "schema_migrations" ("version") VALUES (?)[0m  [["version", "20220318110843"]]
  [1m[36mTRANSACTION (72.1ms)[0m  [1m[36mcommit transaction[0m
  [1m[36mActiveRecord::InternalMetadata Load (0.2ms)[0m  [1m[34mSELECT "ar_internal_metadata".* FROM "ar_internal_metadata" WHERE "ar_internal_metadata"."key" = ? LIMIT ?[0m  [["key", "environment"], ["LIMIT", 1]]
  [1m[36mTRANSACTION (0.1ms)[0m  [1m[36mbegin transaction[0m
  [1m[36mActiveRecord::InternalMetadata Create (0.3ms)[0m  [1m[32mINSERT INTO "ar_internal_metadata" ("key", "value", "created_at", "updated_at") VALUES (?, ?, ?, ?)[0m  [["key", "environment"], ["value", "development"], ["created_at", "2022-03-18 11:08:53.689111"], ["updated_at", "2022-03-18 11:08:53.689111"]]
  [1m[36mTRANSACTION (42.1ms)[0m  [1m[36mcommit transaction[0m
  [1m[35m (0.1ms)[0m  [1m[34mSELECT sqlite_version(*)[0m
  [1m[35m (0.1ms)[0m  [1m[34mSELECT "schema_migrations"."version" FROM "schema_migrations" ORDER BY "schema_migrations"."version" ASC[0m
  [1m[35m (1.3ms)[0m  [1m[34mSELECT sqlite_version(*)[0m
  [1m[35m (0.2ms)[0m  [1m[34mSELECT "schema_migrations"."version" FROM "schema_migrations" ORDER BY "schema_migrations"."version" ASC[0m
  [1m[35m (0.1ms)[0m  [1m[34mSELECT sqlite_version(*)[0m
  [1m[36mTRANSACTION (0.1ms)[0m  [1m[36mbegin transaction[0m
  [1m[36mPerson Create (0.4ms)[0m  [1m[32mINSERT INTO "people" ("name", "surname", "age", "email", "created_at", "updated_at") VALUES (?, ?, ?, ?, ?, ?)[0m  [["name", "name_0"], ["surname", "surname_0"], ["age", 39], ["email", "name_0.surname_0@example.com"], ["created_at", "2022-03-18 11:26:12.495765"], ["updated_at", "2022-03-18 11:26:12.495765"]]
  [1m[36mTRANSACTION (16.0ms)[0m  [1m[36mcommit transaction[0m
  [1m[36mTRANSACTION (0.1ms)[0m  [1m[36mbegin transaction[0m
  [1m[36mPerson Create (0.5ms)[0m  [1m[32mINSERT INTO "people" ("name", "surname", "age", "email", "created_at", "updated_at") VALUES (?, ?, ?, ?, ?, ?)[0m  [["name", "name_1"], ["surname", "surname_1"], ["age", 19], ["email", "name_1.surname_1@example.com"], ["created_at", "2022-03-18 11:26:12.517812"], ["updated_at", "2022-03-18 11:26:12.517812"]]
  [1m[36mTRANSACTION (68.6ms)[0m  [1m[36mcommit transaction[0m
  [1m[36mTRANSACTION (0.1ms)[0m  [1m[36mbegin transaction[0m
  [1m[36mPerson Create (0.4ms)[0m  [1m[32mINSERT INTO "people" ("name", "surname", "age", "email", "created_at", "updated_at") VALUES (?, ?, ?, ?, ?, ?)[0m  [["name", "name_2"], ["surname", "surname_2"], ["age", 23], ["email", "name_2.surname_2@example.com"], ["created_at", "2022-03-18 11:26:12.594760"], ["updated_at", "2022-03-18 11:26:12.594760"]]
  [1m[36mTRANSACTION (68.6ms)[0m  [1m[36mcommit transaction[0m
  [1m[36mTRANSACTION (0.1ms)[0m  [1m[36mbegin transaction[0m
  [1m[36mPerson Create (0.4ms)[0m  [1m[32mINSERT INTO "people" ("name", "surname", "age", "email", "created_at", "updated_at") VALUES (?, ?, ?, ?, ?, ?)[0m  [["name", "name_3"], ["surname", "surname_3"], ["age", 15], ["email", "name_3.surname_3@example.com"], ["created_at", "2022-03-18 11:26:12.672189"], ["updated_at", "2022-03-18 11:26:12.672189"]]
  [1m[36mTRANSACTION (63.3ms)[0m  [1m[36mcommit transaction[0m
  [1m[36mTRANSACTION (0.1ms)[0m  [1m[36mbegin transaction[0m
  [1m[36mPerson Create (0.3ms)[0m  [1m[32mINSERT INTO "people" ("name", "surname", "age", "email", "created_at", "updated_at") VALUES (?, ?, ?, ?, ?, ?)[0m  [["name", "name_4"], ["surname", "surname_4"], ["age", 40], ["email", "name_4.surname_4@example.com"], ["created_at", "2022-03-18 11:26:12.743090"], ["updated_at", "2022-03-18 11:26:12.743090"]]
  [1m[36mTRANSACTION (69.7ms)[0m  [1m[36mcommit transaction[0m
Started GET "//api/v1//persons" for ::1 at 2022-03-18 14:28:54 +0300
  [1m[35m (0.6ms)[0m  [1m[34mSELECT sqlite_version(*)[0m
  [1m[35m (0.2ms)[0m  [1m[34mSELECT "schema_migrations"."version" FROM "schema_migrations" ORDER BY "schema_migrations"."version" ASC[0m
  
ActionController::RoutingError (No route matches [GET] "/api/v1/persons"):
  
Started GET "//api/v1//persons" for ::1 at 2022-03-18 14:30:07 +0300
  
NoMethodError (undefined method `respond_to' for Api::V1::PersonsController:Class
Did you mean?  respond_to?):
  
app/controllers/api/v1/persons_controller.rb:2:in `<class:PersonsController>'
app/controllers/api/v1/persons_controller.rb:1:in `<main>'
Started GET "//api/v1//persons" for ::1 at 2022-03-18 14:30:47 +0300
Processing by Api::V1::PersonsController#index as */*
  [1m[35m (0.1ms)[0m  [1m[34mSELECT sqlite_version(*)[0m
  ↳ app/controllers/api/v1/persons_controller.rb:4:in `block (2 levels) in index'
  [1m[36mPerson Load (0.4ms)[0m  [1m[34mSELECT "people".* FROM "people"[0m
  ↳ app/controllers/api/v1/persons_controller.rb:4:in `block (2 levels) in index'
[active_model_serializers] Rendered ActiveModel::Serializer::CollectionSerializer with ActiveModelSerializers::Adapter::Attributes (0.8ms)
Completed 200 OK in 70ms (Views: 63.5ms | ActiveRecord: 1.7ms | Allocations: 10641)


Started GET "//api/v1//persons" for ::1 at 2022-03-18 14:31:02 +0300
Processing by Api::V1::PersonsController#index as */*
  [1m[35m (0.1ms)[0m  [1m[34mSELECT sqlite_version(*)[0m
  ↳ app/controllers/api/v1/persons_controller.rb:4:in `block (2 levels) in index'
  [1m[36mPerson Load (0.2ms)[0m  [1m[34mSELECT "people".* FROM "people"[0m
  ↳ app/controllers/api/v1/persons_controller.rb:4:in `block (2 levels) in index'
[active_model_serializers] Rendered ActiveModel::Serializer::CollectionSerializer with ActiveModelSerializers::Adapter::Attributes (0.62ms)
Completed 200 OK in 18ms (Views: 16.5ms | ActiveRecord: 1.5ms | Allocations: 6456)


Started GET "//api/v1//persons" for ::1 at 2022-03-18 14:31:18 +0300
Processing by Api::V1::PersonsController#index as */*
  [1m[35m (0.1ms)[0m  [1m[34mSELECT sqlite_version(*)[0m
  ↳ app/controllers/api/v1/persons_controller.rb:4:in `block (2 levels) in index'
  [1m[36mPerson Load (0.2ms)[0m  [1m[34mSELECT "people".* FROM "people"[0m
  ↳ app/controllers/api/v1/persons_controller.rb:4:in `block (2 levels) in index'
[active_model_serializers] Rendered ActiveModel::Serializer::CollectionSerializer with ActiveModelSerializers::Adapter::Attributes (1.05ms)
Completed 200 OK in 19ms (Views: 17.2ms | ActiveRecord: 1.4ms | Allocations: 6615)


Started GET "//api/v1//persons" for ::1 at 2022-03-18 14:32:02 +0300
Processing by Api::V1::PersonsController#index as */*
  [1m[36mPerson Load (0.2ms)[0m  [1m[34mSELECT "people".* FROM "people"[0m
  ↳ app/controllers/api/v1/persons_controller.rb:4:in `block (2 levels) in index'
[active_model_serializers] Rendered ActiveModel::Serializer::CollectionSerializer with ActiveModelSerializers::Adapter::Attributes (0.91ms)
Completed 200 OK in 5ms (Views: 4.2ms | ActiveRecord: 0.2ms | Allocations: 1667)


Started POST "//api/v1//persons" for ::1 at 2022-03-18 14:37:19 +0300
Processing by Api::V1::PersonsController#create as */*
Can't verify CSRF token authenticity.
Completed 422 Unprocessable Entity in 1ms (Allocations: 406)


  
ActionController::InvalidAuthenticityToken (ActionController::InvalidAuthenticityToken):
  
actionpack (6.1.5) lib/action_controller/metal/request_forgery_protection.rb:211:in `handle_unverified_request'
actionpack (6.1.5) lib/action_controller/metal/request_forgery_protection.rb:243:in `handle_unverified_request'
actionpack (6.1.5) lib/action_controller/metal/request_forgery_protection.rb:238:in `verify_authenticity_token'
activesupport (6.1.5) lib/active_support/callbacks.rb:427:in `block in make_lambda'
activesupport (6.1.5) lib/active_support/callbacks.rb:198:in `block (2 levels) in halting'
actionpack (6.1.5) lib/abstract_controller/callbacks.rb:34:in `block (2 levels) in <module:Callbacks>'
activesupport (6.1.5) lib/active_support/callbacks.rb:199:in `block in halting'
activesupport (6.1.5) lib/active_support/callbacks.rb:512:in `block in invoke_before'
activesupport (6.1.5) lib/active_support/callbacks.rb:512:in `each'
activesupport (6.1.5) lib/active_support/callbacks.rb:512:in `invoke_before'
activesupport (6.1.5) lib/active_support/callbacks.rb:115:in `block in run_callbacks'
activesupport (6.1.5) lib/active_support/callbacks.rb:137:in `run_callbacks'
actionpack (6.1.5) lib/abstract_controller/callbacks.rb:41:in `process_action'
actionpack (6.1.5) lib/action_controller/metal/rescue.rb:22:in `process_action'
actionpack (6.1.5) lib/action_controller/metal/instrumentation.rb:34:in `block in process_action'
activesupport (6.1.5) lib/active_support/notifications.rb:203:in `block in instrument'
activesupport (6.1.5) lib/active_support/notifications/instrumenter.rb:24:in `instrument'
activesupport (6.1.5) lib/active_support/notifications.rb:203:in `instrument'
actionpack (6.1.5) lib/action_controller/metal/instrumentation.rb:33:in `process_action'
actionpack (6.1.5) lib/action_controller/metal/params_wrapper.rb:249:in `process_action'
activerecord (6.1.5) lib/active_record/railties/controller_runtime.rb:27:in `process_action'
actionpack (6.1.5) lib/abstract_controller/base.rb:165:in `process'
actionview (6.1.5) lib/action_view/rendering.rb:39:in `process'
actionpack (6.1.5) lib/action_controller/metal.rb:190:in `dispatch'
actionpack (6.1.5) lib/action_controller/metal.rb:254:in `dispatch'
actionpack (6.1.5) lib/action_dispatch/routing/route_set.rb:50:in `dispatch'
actionpack (6.1.5) lib/action_dispatch/routing/route_set.rb:33:in `serve'
actionpack (6.1.5) lib/action_dispatch/journey/router.rb:50:in `block in serve'
actionpack (6.1.5) lib/action_dispatch/journey/router.rb:32:in `each'
actionpack (6.1.5) lib/action_dispatch/journey/router.rb:32:in `serve'
actionpack (6.1.5) lib/action_dispatch/routing/route_set.rb:842:in `call'
rack (2.2.3) lib/rack/tempfile_reaper.rb:15:in `call'
rack (2.2.3) lib/rack/etag.rb:27:in `call'
rack (2.2.3) lib/rack/conditional_get.rb:40:in `call'
rack (2.2.3) lib/rack/head.rb:12:in `call'
actionpack (6.1.5) lib/action_dispatch/http/permissions_policy.rb:22:in `call'
actionpack (6.1.5) lib/action_dispatch/http/content_security_policy.rb:19:in `call'
rack (2.2.3) lib/rack/session/abstract/id.rb:266:in `context'
rack (2.2.3) lib/rack/session/abstract/id.rb:260:in `call'
actionpack (6.1.5) lib/action_dispatch/middleware/cookies.rb:689:in `call'
activerecord (6.1.5) lib/active_record/migration.rb:601:in `call'
actionpack (6.1.5) lib/action_dispatch/middleware/callbacks.rb:27:in `block in call'
activesupport (6.1.5) lib/active_support/callbacks.rb:98:in `run_callbacks'
actionpack (6.1.5) lib/action_dispatch/middleware/callbacks.rb:26:in `call'
actionpack (6.1.5) lib/action_dispatch/middleware/executor.rb:14:in `call'
actionpack (6.1.5) lib/action_dispatch/middleware/actionable_exceptions.rb:18:in `call'
actionpack (6.1.5) lib/action_dispatch/middleware/debug_exceptions.rb:29:in `call'
web-console (4.2.0) lib/web_console/middleware.rb:132:in `call_app'
web-console (4.2.0) lib/web_console/middleware.rb:28:in `block in call'
web-console (4.2.0) lib/web_console/middleware.rb:17:in `catch'
web-console (4.2.0) lib/web_console/middleware.rb:17:in `call'
actionpack (6.1.5) lib/action_dispatch/middleware/show_exceptions.rb:33:in `call'
railties (6.1.5) lib/rails/rack/logger.rb:37:in `call_app'
railties (6.1.5) lib/rails/rack/logger.rb:26:in `block in call'
activesupport (6.1.5) lib/active_support/tagged_logging.rb:99:in `block in tagged'
activesupport (6.1.5) lib/active_support/tagged_logging.rb:37:in `tagged'
activesupport (6.1.5) lib/active_support/tagged_logging.rb:99:in `tagged'
railties (6.1.5) lib/rails/rack/logger.rb:26:in `call'
sprockets-rails (3.4.2) lib/sprockets/rails/quiet_assets.rb:13:in `call'
actionpack (6.1.5) lib/action_dispatch/middleware/remote_ip.rb:81:in `call'
actionpack (6.1.5) lib/action_dispatch/middleware/request_id.rb:26:in `call'
rack (2.2.3) lib/rack/method_override.rb:24:in `call'
rack (2.2.3) lib/rack/runtime.rb:22:in `call'
activesupport (6.1.5) lib/active_support/cache/strategy/local_cache_middleware.rb:29:in `call'
actionpack (6.1.5) lib/action_dispatch/middleware/executor.rb:14:in `call'
actionpack (6.1.5) lib/action_dispatch/middleware/static.rb:24:in `call'
rack (2.2.3) lib/rack/sendfile.rb:110:in `call'
actionpack (6.1.5) lib/action_dispatch/middleware/host_authorization.rb:148:in `call'
rack-mini-profiler (2.3.4) lib/mini_profiler/profiler.rb:393:in `call'
webpacker (5.4.3) lib/webpacker/dev_server_proxy.rb:25:in `perform_request'
rack-proxy (0.7.2) lib/rack/proxy.rb:67:in `call'
railties (6.1.5) lib/rails/engine.rb:539:in `call'
puma (5.6.2) lib/puma/configuration.rb:252:in `call'
puma (5.6.2) lib/puma/request.rb:77:in `block in handle_request'
puma (5.6.2) lib/puma/thread_pool.rb:340:in `with_force_shutdown'
puma (5.6.2) lib/puma/request.rb:76:in `handle_request'
puma (5.6.2) lib/puma/server.rb:441:in `process_client'
puma (5.6.2) lib/puma/thread_pool.rb:147:in `block in spawn_thread'
Started POST "//api/v1//persons" for ::1 at 2022-03-18 14:38:17 +0300
Processing by Api::V1::PersonsController#create as */*
Completed 400 Bad Request in 2ms (Allocations: 763)


  
ActionController::ParameterMissing (param is missing or the value is empty: person
Did you mean?  action
               controller):
  
app/controllers/api/v1/persons_controller.rb:25:in `person_params'
app/controllers/api/v1/persons_controller.rb:11:in `block (2 levels) in create'
app/controllers/api/v1/persons_controller.rb:9:in `create'
Started POST "//api/v1//persons" for ::1 at 2022-03-18 14:39:13 +0300
Processing by Api::V1::PersonsController#create as */*
  Parameters: {"person"=>{"name"=>"John"}}
  [1m[35m (0.1ms)[0m  [1m[34mSELECT sqlite_version(*)[0m
  ↳ app/controllers/api/v1/persons_controller.rb:11:in `block (2 levels) in create'
  [1m[36mTRANSACTION (0.1ms)[0m  [1m[36mbegin transaction[0m
  ↳ app/controllers/api/v1/persons_controller.rb:13:in `block (2 levels) in create'
  [1m[36mPerson Create (3.6ms)[0m  [1m[32mINSERT INTO "people" ("name", "created_at", "updated_at") VALUES (?, ?, ?)[0m  [["name", "John"], ["created_at", "2022-03-18 11:39:13.180702"], ["updated_at", "2022-03-18 11:39:13.180702"]]
  ↳ app/controllers/api/v1/persons_controller.rb:13:in `block (2 levels) in create'
  [1m[36mTRANSACTION (35.5ms)[0m  [1m[36mcommit transaction[0m
  ↳ app/controllers/api/v1/persons_controller.rb:13:in `block (2 levels) in create'
[active_model_serializers] Rendered PersonSerializer with ActiveModelSerializers::Adapter::Attributes (0.38ms)
Completed 200 OK in 83ms (Views: 10.0ms | ActiveRecord: 40.6ms | Allocations: 11903)


Started POST "//api/v1//persons" for ::1 at 2022-03-18 14:58:48 +0300
  [1m[35m (0.6ms)[0m  [1m[34mSELECT sqlite_version(*)[0m
  [1m[35m (0.2ms)[0m  [1m[34mSELECT "schema_migrations"."version" FROM "schema_migrations" ORDER BY "schema_migrations"."version" ASC[0m
Processing by Api::V1::PersonsController#create as */*
  Parameters: {"person"=>{"name"=>"John"}}
  [1m[36mTRANSACTION (0.2ms)[0m  [1m[36mbegin transaction[0m
  ↳ app/controllers/api/v1/persons_controller.rb:14:in `block (2 levels) in create'
  [1m[36mPerson Create (0.4ms)[0m  [1m[32mINSERT INTO "people" ("name", "created_at", "updated_at") VALUES (?, ?, ?)[0m  [["name", "John"], ["created_at", "2022-03-18 11:59:26.114701"], ["updated_at", "2022-03-18 11:59:26.114701"]]
  ↳ app/controllers/api/v1/persons_controller.rb:14:in `block (2 levels) in create'
  [1m[36mTRANSACTION (21.4ms)[0m  [1m[36mcommit transaction[0m
  ↳ app/controllers/api/v1/persons_controller.rb:14:in `block (2 levels) in create'
[active_model_serializers] Rendered PersonSerializer with ActiveModelSerializers::Adapter::Attributes (0.48ms)
Completed 200 OK in 37514ms (Views: 12.4ms | ActiveRecord: 22.6ms | Allocations: 79244)


Started POST "//api/v1//persons" for ::1 at 2022-03-18 14:59:36 +0300
Processing by Api::V1::PersonsController#create as */*
  Parameters: {"person"=>{"name"=>"John"}}
  [1m[35m (0.1ms)[0m  [1m[34mSELECT sqlite_version(*)[0m
  ↳ app/controllers/api/v1/persons_controller.rb:11:in `block (2 levels) in create'
  [1m[36mTRANSACTION (0.1ms)[0m  [1m[36mbegin transaction[0m
  ↳ app/controllers/api/v1/persons_controller.rb:14:in `block (2 levels) in create'
  [1m[36mPerson Create (0.5ms)[0m  [1m[32mINSERT INTO "people" ("name", "created_at", "updated_at") VALUES (?, ?, ?)[0m  [["name", "John"], ["created_at", "2022-03-18 12:08:15.296545"], ["updated_at", "2022-03-18 12:08:15.296545"]]
  ↳ app/controllers/api/v1/persons_controller.rb:14:in `block (2 levels) in create'
  [1m[36mTRANSACTION (46.3ms)[0m  [1m[36mcommit transaction[0m
  ↳ app/controllers/api/v1/persons_controller.rb:14:in `block (2 levels) in create'
[active_model_serializers] Rendered PersonSerializer with ActiveModelSerializers::Adapter::Attributes (0.44ms)
Completed 200 OK in 518333ms (Views: 9.1ms | ActiveRecord: 48.2ms | Allocations: 44549)


Started POST "//api/v1//persons" for ::1 at 2022-03-18 15:08:19 +0300
Processing by Api::V1::PersonsController#create as */*
  Parameters: {"person"=>{"name"=>"John"}}
  [1m[35m (0.1ms)[0m  [1m[34mSELECT sqlite_version(*)[0m
  ↳ app/controllers/api/v1/persons_controller.rb:11:in `block (2 levels) in create'
[active_model_serializers] Rendered ActiveModel::Serializer::Null with Dry::Validation::MessageSet (0.48ms)
Completed 200 OK in 36ms (Views: 16.6ms | ActiveRecord: 1.1ms | Allocations: 15136)


Started POST "//api/v1//persons" for ::1 at 2022-03-18 15:10:38 +0300
Processing by Api::V1::PersonsController#create as */*
  Parameters: {"person"=>{"name"=>"John"}}
  [1m[35m (0.1ms)[0m  [1m[34mSELECT sqlite_version(*)[0m
  ↳ app/controllers/api/v1/persons_controller.rb:11:in `block (2 levels) in create'
[active_model_serializers] Rendered ActiveModel::Serializer::Null with Dry::Validation::MessageSet (0.73ms)
Completed 200 OK in 25921ms (Views: 3.9ms | ActiveRecord: 1.5ms | Allocations: 22998)


Started POST "//api/v1//persons" for ::1 at 2022-03-18 15:11:11 +0300
Processing by Api::V1::PersonsController#create as */*
  Parameters: {"person"=>{"name"=>"John"}}
  [1m[35m (0.1ms)[0m  [1m[34mSELECT sqlite_version(*)[0m
  ↳ app/controllers/api/v1/persons_controller.rb:11:in `block (2 levels) in create'
[active_model_serializers] Rendered ActiveModel::Serializer::Null with Hash (0.15ms)
Completed 200 OK in 3053ms (Views: 2.2ms | ActiveRecord: 1.2ms | Allocations: 15296)


Started POST "//api/v1//persons" for ::1 at 2022-03-18 15:11:55 +0300
Processing by Api::V1::PersonsController#create as */*
  Parameters: {"person"=>{"name"=>"Wallace", "email"=>"email@example.com", "age"=>21}}
  [1m[35m (0.1ms)[0m  [1m[34mSELECT sqlite_version(*)[0m
  ↳ app/controllers/api/v1/persons_controller.rb:11:in `block (2 levels) in create'
[active_model_serializers] Rendered ActiveModel::Serializer::Null with Hash (0.11ms)
Completed 200 OK in 21ms (Views: 2.3ms | ActiveRecord: 0.9ms | Allocations: 12372)


Started POST "//api/v1//persons" for ::1 at 2022-03-18 15:12:00 +0300
Processing by Api::V1::PersonsController#create as */*
  Parameters: {"person"=>{"name"=>"John", "surname"=>"Wallace", "email"=>"email@example.com", "age"=>21}}
  [1m[36mTRANSACTION (0.1ms)[0m  [1m[36mbegin transaction[0m
  ↳ app/controllers/api/v1/persons_controller.rb:15:in `block (2 levels) in create'
  [1m[36mPerson Create (0.4ms)[0m  [1m[32mINSERT INTO "people" ("name", "surname", "age", "email", "created_at", "updated_at") VALUES (?, ?, ?, ?, ?, ?)[0m  [["name", "John"], ["surname", "Wallace"], ["age", 21], ["email", "email@example.com"], ["created_at", "2022-03-18 12:12:00.148801"], ["updated_at", "2022-03-18 12:12:00.148801"]]
  ↳ app/controllers/api/v1/persons_controller.rb:15:in `block (2 levels) in create'
  [1m[36mTRANSACTION (14.3ms)[0m  [1m[36mcommit transaction[0m
  ↳ app/controllers/api/v1/persons_controller.rb:15:in `block (2 levels) in create'
[active_model_serializers] Rendered PersonSerializer with ActiveModelSerializers::Adapter::Attributes (0.43ms)
Completed 200 OK in 35ms (Views: 2.0ms | ActiveRecord: 14.8ms | Allocations: 5720)


Started POST "//api/v1//persons" for ::1 at 2022-03-18 15:12:03 +0300
Processing by Api::V1::PersonsController#create as */*
  Parameters: {"person"=>{"name"=>"John", "surname"=>"Wallace", "email"=>"email@example.com", "age"=>21}}
  [1m[36mTRANSACTION (0.1ms)[0m  [1m[36mbegin transaction[0m
  ↳ app/controllers/api/v1/persons_controller.rb:15:in `block (2 levels) in create'
  [1m[36mPerson Create (0.4ms)[0m  [1m[32mINSERT INTO "people" ("name", "surname", "age", "email", "created_at", "updated_at") VALUES (?, ?, ?, ?, ?, ?)[0m  [["name", "John"], ["surname", "Wallace"], ["age", 21], ["email", "email@example.com"], ["created_at", "2022-03-18 12:12:03.227569"], ["updated_at", "2022-03-18 12:12:03.227569"]]
  ↳ app/controllers/api/v1/persons_controller.rb:15:in `block (2 levels) in create'
  [1m[36mTRANSACTION (37.7ms)[0m  [1m[36mcommit transaction[0m
  ↳ app/controllers/api/v1/persons_controller.rb:15:in `block (2 levels) in create'
[active_model_serializers] Rendered PersonSerializer with ActiveModelSerializers::Adapter::Attributes (0.36ms)
Completed 200 OK in 51ms (Views: 1.1ms | ActiveRecord: 38.2ms | Allocations: 4910)


Started POST "//api/v1//persons" for ::1 at 2022-03-18 15:12:08 +0300
Processing by Api::V1::PersonsController#create as */*
  Parameters: {"person"=>{"name"=>"John", "surname"=>"Wallace", "email"=>"email@example.com", "age"=>"21"}}
[active_model_serializers] Rendered ActiveModel::Serializer::Null with Hash (0.19ms)
Completed 200 OK in 3ms (Views: 0.7ms | ActiveRecord: 0.0ms | Allocations: 1059)


Started POST "//api/v1//persons" for ::1 at 2022-03-18 15:12:20 +0300
Processing by Api::V1::PersonsController#create as */*
  Parameters: {"person"=>{"name"=>"John", "surname"=>"Wallace", "email"=>"email@example.com", "age"=>21}}
  [1m[36mTRANSACTION (0.1ms)[0m  [1m[36mbegin transaction[0m
  ↳ app/controllers/api/v1/persons_controller.rb:15:in `block (2 levels) in create'
  [1m[36mPerson Create (0.4ms)[0m  [1m[32mINSERT INTO "people" ("name", "surname", "age", "email", "created_at", "updated_at") VALUES (?, ?, ?, ?, ?, ?)[0m  [["name", "John"], ["surname", "Wallace"], ["age", 21], ["email", "email@example.com"], ["created_at", "2022-03-18 12:12:20.229627"], ["updated_at", "2022-03-18 12:12:20.229627"]]
  ↳ app/controllers/api/v1/persons_controller.rb:15:in `block (2 levels) in create'
  [1m[36mTRANSACTION (35.4ms)[0m  [1m[36mcommit transaction[0m
  ↳ app/controllers/api/v1/persons_controller.rb:15:in `block (2 levels) in create'
[active_model_serializers] Rendered PersonSerializer with ActiveModelSerializers::Adapter::Attributes (0.3ms)
Completed 200 OK in 49ms (Views: 1.7ms | ActiveRecord: 35.8ms | Allocations: 4933)


Started GET "//api/v1//persons/10" for ::1 at 2022-03-18 15:16:40 +0300
  
SyntaxError (/home/i/Documents/thinknetica/task_1/crud_api/app/controllers/api/v1/persons_controller.rb:51: syntax error, unexpected '}', expecting `end'
    }
    ^
/home/i/Documents/thinknetica/task_1/crud_api/app/controllers/api/v1/persons_controller.rb:59: syntax error, unexpected end-of-input, expecting `end'):
  
app/controllers/api/v1/persons_controller.rb:51: syntax error, unexpected '}', expecting `end'
app/controllers/api/v1/persons_controller.rb:59: syntax error, unexpected end-of-input, expecting `end'
app/controllers/api/v1/persons_controller.rb:51: syntax error, unexpected '}', expecting `end'
app/controllers/api/v1/persons_controller.rb:59: syntax error, unexpected end-of-input, expecting `end'
app/controllers/api/v1/persons_controller.rb:51: syntax error, unexpected '}', expecting `end'
app/controllers/api/v1/persons_controller.rb:59: syntax error, unexpected end-of-input, expecting `end'
Started GET "//api/v1//persons/10" for ::1 at 2022-03-18 15:17:13 +0300
Processing by Api::V1::PersonsController#show as */*
  Parameters: {"id"=>"10"}
  [1m[35m (0.1ms)[0m  [1m[34mSELECT sqlite_version(*)[0m
  ↳ app/controllers/api/v1/persons_controller.rb:5:in `block (2 levels) in show'
  [1m[36mPerson Load (0.2ms)[0m  [1m[34mSELECT "people".* FROM "people" WHERE "people"."id" = ? LIMIT ?[0m  [["id", 10], ["LIMIT", 1]]
  ↳ app/controllers/api/v1/persons_controller.rb:5:in `block (2 levels) in show'
[active_model_serializers] Rendered PersonSerializer with ActiveModelSerializers::Adapter::Attributes (0.52ms)
Completed 200 OK in 19ms (Views: 2.2ms | ActiveRecord: 1.4ms | Allocations: 6381)


Started PATCH "//api/v1//person/10" for ::1 at 2022-03-18 15:17:20 +0300
  
ActionController::RoutingError (No route matches [PATCH] "/api/v1/person/10"):
  
Started PATCH "//api/v1//persons/10" for ::1 at 2022-03-18 15:17:35 +0300
Processing by Api::V1::PersonsController#update as */*
  Parameters: {"person"=>{"name"=>"John", "surname"=>"Wallace", "email"=>"email@example.com", "age"=>25}, "id"=>"10"}
  [1m[36mPerson Load (0.1ms)[0m  [1m[34mSELECT "people".* FROM "people" WHERE "people"."id" = ? LIMIT ?[0m  [["id", 10], ["LIMIT", 1]]
  ↳ app/controllers/api/v1/persons_controller.rb:35:in `block (2 levels) in update'
Completed 500 Internal Server Error in 18ms (ActiveRecord: 0.1ms | Allocations: 7362)


  
NoMethodError (undefined method `merge' for #<Person:0x00007fa1a8f39d40>):
  
app/controllers/api/v1/persons_controller.rb:36:in `block (2 levels) in update'
app/controllers/api/v1/persons_controller.rb:33:in `update'
  [1m[35m (0.5ms)[0m  [1m[34mSELECT sqlite_version(*)[0m
  [1m[36mPerson Load (0.2ms)[0m  [1m[34mSELECT "people".* FROM "people" ORDER BY "people"."id" DESC LIMIT ?[0m  [["LIMIT", 1]]
  [1m[36mPerson Load (0.1ms)[0m  [1m[34mSELECT "people".* FROM "people" ORDER BY "people"."id" DESC LIMIT ?[0m  [["LIMIT", 1]]
  [1m[36mPerson Load (0.2ms)[0m  [1m[34mSELECT "people".* FROM "people" ORDER BY "people"."id" DESC LIMIT ?[0m  [["LIMIT", 1]]
  [1m[36mPerson Load (0.2ms)[0m  [1m[34mSELECT "people".* FROM "people" ORDER BY "people"."id" DESC LIMIT ?[0m  [["LIMIT", 1]]
  [1m[36mPerson Load (0.2ms)[0m  [1m[34mSELECT "people".* FROM "people" ORDER BY "people"."id" DESC LIMIT ?[0m  [["LIMIT", 1]]
Started PATCH "//api/v1//persons/10" for ::1 at 2022-03-18 15:18:58 +0300
Processing by Api::V1::PersonsController#update as */*
  Parameters: {"person"=>{"name"=>"John", "surname"=>"Wallace", "email"=>"email@example.com", "age"=>25}, "id"=>"10"}
  [1m[35m (0.1ms)[0m  [1m[34mSELECT sqlite_version(*)[0m
  ↳ app/controllers/api/v1/persons_controller.rb:35:in `block (2 levels) in update'
  [1m[36mPerson Load (0.2ms)[0m  [1m[34mSELECT "people".* FROM "people" WHERE "people"."id" = ? LIMIT ?[0m  [["id", 10], ["LIMIT", 1]]
  ↳ app/controllers/api/v1/persons_controller.rb:35:in `block (2 levels) in update'
  [1m[36mTRANSACTION (0.1ms)[0m  [1m[36mbegin transaction[0m
  ↳ app/controllers/api/v1/persons_controller.rb:39:in `block (2 levels) in update'
  [1m[36mPerson Update (0.4ms)[0m  [1m[33mUPDATE "people" SET "age" = ?, "updated_at" = ? WHERE "people"."id" = ?[0m  [["age", 25], ["updated_at", "2022-03-18 12:18:58.830076"], ["id", 10]]
  ↳ app/controllers/api/v1/persons_controller.rb:39:in `block (2 levels) in update'
  [1m[36mTRANSACTION (36.3ms)[0m  [1m[36mcommit transaction[0m
  ↳ app/controllers/api/v1/persons_controller.rb:39:in `block (2 levels) in update'
[active_model_serializers] Rendered PersonSerializer with ActiveModelSerializers::Adapter::Attributes (0.48ms)
Completed 200 OK in 71ms (Views: 2.3ms | ActiveRecord: 37.9ms | Allocations: 14748)


Started GET "//api/v1//persons/10" for ::1 at 2022-03-18 15:19:09 +0300
Processing by Api::V1::PersonsController#show as */*
  Parameters: {"id"=>"10"}
  [1m[36mPerson Load (0.2ms)[0m  [1m[34mSELECT "people".* FROM "people" WHERE "people"."id" = ? LIMIT ?[0m  [["id", 10], ["LIMIT", 1]]
  ↳ app/controllers/api/v1/persons_controller.rb:5:in `block (2 levels) in show'
[active_model_serializers] Rendered PersonSerializer with ActiveModelSerializers::Adapter::Attributes (0.33ms)
Completed 200 OK in 3ms (Views: 0.9ms | ActiveRecord: 0.2ms | Allocations: 918)


Started PATCH "//api/v1//persons/10" for ::1 at 2022-03-18 15:19:18 +0300
Processing by Api::V1::PersonsController#update as */*
  Parameters: {"person"=>{"name"=>"John", "surname"=>"Wallace", "email"=>"email@example.com", "age"=>"30"}, "id"=>"10"}
  [1m[36mPerson Load (0.2ms)[0m  [1m[34mSELECT "people".* FROM "people" WHERE "people"."id" = ? LIMIT ?[0m  [["id", 10], ["LIMIT", 1]]
  ↳ app/controllers/api/v1/persons_controller.rb:35:in `block (2 levels) in update'
[active_model_serializers] Rendered ActiveModel::Serializer::Null with Hash (0.09ms)
Completed 200 OK in 7ms (Views: 2.1ms | ActiveRecord: 0.2ms | Allocations: 5097)


Started GET "//api/v1//persons" for ::1 at 2022-03-18 15:19:26 +0300
Processing by Api::V1::PersonsController#index as */*
  [1m[36mPerson Load (0.3ms)[0m  [1m[34mSELECT "people".* FROM "people"[0m
  ↳ app/controllers/api/v1/persons_controller.rb:12:in `block (2 levels) in index'
[active_model_serializers] Rendered ActiveModel::Serializer::CollectionSerializer with ActiveModelSerializers::Adapter::Attributes (1.66ms)
Completed 200 OK in 6ms (Views: 5.0ms | ActiveRecord: 0.3ms | Allocations: 2419)


Started GET "//api/v1//persons/10" for ::1 at 2022-03-18 15:19:30 +0300
Processing by Api::V1::PersonsController#show as */*
  Parameters: {"id"=>"10"}
  [1m[36mPerson Load (0.1ms)[0m  [1m[34mSELECT "people".* FROM "people" WHERE "people"."id" = ? LIMIT ?[0m  [["id", 10], ["LIMIT", 1]]
  ↳ app/controllers/api/v1/persons_controller.rb:5:in `block (2 levels) in show'
[active_model_serializers] Rendered PersonSerializer with ActiveModelSerializers::Adapter::Attributes (0.26ms)
Completed 200 OK in 5ms (Views: 2.7ms | ActiveRecord: 0.1ms | Allocations: 920)


Started DELETE "//api/v1//persons/10" for ::1 at 2022-03-18 15:19:59 +0300
Processing by Api::V1::PersonsController#destroy as */*
  Parameters: {"id"=>"10"}
Completed 500 Internal Server Error in 2ms (ActiveRecord: 0.0ms | Allocations: 1047)


  
NoMethodError (undefined method `destroy' for nil:NilClass):
  
app/controllers/api/v1/persons_controller.rb:51:in `block (2 levels) in destroy'
app/controllers/api/v1/persons_controller.rb:49:in `destroy'
Started DELETE "//api/v1//persons/10" for ::1 at 2022-03-18 15:20:20 +0300
Processing by Api::V1::PersonsController#destroy as */*
  Parameters: {"id"=>"10"}
  [1m[35m (0.1ms)[0m  [1m[34mSELECT sqlite_version(*)[0m
  ↳ app/controllers/api/v1/persons_controller.rb:51:in `block (2 levels) in destroy'
  [1m[36mPerson Load (0.3ms)[0m  [1m[34mSELECT "people".* FROM "people" WHERE "people"."id" = ? LIMIT ?[0m  [["id", 10], ["LIMIT", 1]]
  ↳ app/controllers/api/v1/persons_controller.rb:51:in `block (2 levels) in destroy'
  [1m[36mTRANSACTION (0.1ms)[0m  [1m[36mbegin transaction[0m
  ↳ app/controllers/api/v1/persons_controller.rb:51:in `block (2 levels) in destroy'
  [1m[36mPerson Destroy (2.3ms)[0m  [1m[31mDELETE FROM "people" WHERE "people"."id" = ?[0m  [["id", 10]]
  ↳ app/controllers/api/v1/persons_controller.rb:51:in `block (2 levels) in destroy'
  [1m[36mTRANSACTION (44.3ms)[0m  [1m[36mcommit transaction[0m
  ↳ app/controllers/api/v1/persons_controller.rb:51:in `block (2 levels) in destroy'
[active_model_serializers] Rendered PersonSerializer with ActiveModelSerializers::Adapter::Attributes (0.38ms)
Completed 200 OK in 73ms (Views: 1.9ms | ActiveRecord: 47.8ms | Allocations: 10037)


Started GET "//api/v1//persons/10" for ::1 at 2022-03-18 15:20:26 +0300
Processing by Api::V1::PersonsController#show as */*
  Parameters: {"id"=>"10"}
  [1m[36mPerson Load (0.1ms)[0m  [1m[34mSELECT "people".* FROM "people" WHERE "people"."id" = ? LIMIT ?[0m  [["id", 10], ["LIMIT", 1]]
  ↳ app/controllers/api/v1/persons_controller.rb:5:in `block (2 levels) in show'
Completed 404 Not Found in 2ms (ActiveRecord: 0.1ms | Allocations: 1064)


  
ActiveRecord::RecordNotFound (Couldn't find Person with 'id'=10):
  
app/controllers/api/v1/persons_controller.rb:5:in `block (2 levels) in show'
app/controllers/api/v1/persons_controller.rb:3:in `show'
Started GET "//api/v1//persons/9" for ::1 at 2022-03-18 15:20:30 +0300
Processing by Api::V1::PersonsController#show as */*
  Parameters: {"id"=>"9"}
  [1m[36mPerson Load (0.1ms)[0m  [1m[34mSELECT "people".* FROM "people" WHERE "people"."id" = ? LIMIT ?[0m  [["id", 9], ["LIMIT", 1]]
  ↳ app/controllers/api/v1/persons_controller.rb:5:in `block (2 levels) in show'
[active_model_serializers] Rendered PersonSerializer with ActiveModelSerializers::Adapter::Attributes (0.27ms)
Completed 200 OK in 3ms (Views: 1.0ms | ActiveRecord: 0.1ms | Allocations: 919)


Started DELETE "//api/v1//persons/9" for ::1 at 2022-03-18 15:20:38 +0300
Processing by Api::V1::PersonsController#destroy as */*
  Parameters: {"id"=>"9"}
  [1m[36mPerson Load (0.1ms)[0m  [1m[34mSELECT "people".* FROM "people" WHERE "people"."id" = ? LIMIT ?[0m  [["id", 9], ["LIMIT", 1]]
  ↳ app/controllers/api/v1/persons_controller.rb:51:in `block (2 levels) in destroy'
  [1m[36mTRANSACTION (0.1ms)[0m  [1m[36mbegin transaction[0m
  ↳ app/controllers/api/v1/persons_controller.rb:51:in `block (2 levels) in destroy'
  [1m[36mPerson Destroy (0.4ms)[0m  [1m[31mDELETE FROM "people" WHERE "people"."id" = ?[0m  [["id", 9]]
  ↳ app/controllers/api/v1/persons_controller.rb:51:in `block (2 levels) in destroy'
  [1m[36mTRANSACTION (25.4ms)[0m  [1m[36mcommit transaction[0m
  ↳ app/controllers/api/v1/persons_controller.rb:51:in `block (2 levels) in destroy'
[active_model_serializers] Rendered PersonSerializer with ActiveModelSerializers::Adapter::Attributes (0.28ms)
Completed 200 OK in 42ms (Views: 1.7ms | ActiveRecord: 26.0ms | Allocations: 4873)


Started GET "//api/v1//persons/9" for ::1 at 2022-03-18 15:21:24 +0300
Processing by Api::V1::PersonsController#show as */*
  Parameters: {"id"=>"9"}
  [1m[36mPerson Load (0.2ms)[0m  [1m[34mSELECT "people".* FROM "people" WHERE "people"."id" = ? LIMIT ?[0m  [["id", 9], ["LIMIT", 1]]
  ↳ app/controllers/api/v1/persons_controller.rb:5:in `block (2 levels) in show'
Completed 404 Not Found in 3ms (ActiveRecord: 0.2ms | Allocations: 1064)


  
ActiveRecord::RecordNotFound (Couldn't find Person with 'id'=9):
  
app/controllers/api/v1/persons_controller.rb:5:in `block (2 levels) in show'
app/controllers/api/v1/persons_controller.rb:3:in `show'
Started GET "//api/v1//persons/8" for ::1 at 2022-03-18 15:21:28 +0300
Processing by Api::V1::PersonsController#show as */*
  Parameters: {"id"=>"8"}
  [1m[36mPerson Load (0.1ms)[0m  [1m[34mSELECT "people".* FROM "people" WHERE "people"."id" = ? LIMIT ?[0m  [["id", 8], ["LIMIT", 1]]
  ↳ app/controllers/api/v1/persons_controller.rb:5:in `block (2 levels) in show'
[active_model_serializers] Rendered PersonSerializer with ActiveModelSerializers::Adapter::Attributes (0.29ms)
Completed 200 OK in 4ms (Views: 1.5ms | ActiveRecord: 0.1ms | Allocations: 907)


Started POST "//api/v1//persons" for ::1 at 2022-03-18 15:21:36 +0300
Processing by Api::V1::PersonsController#create as */*
  Parameters: {"person"=>{"name"=>"John", "surname"=>"Wallace", "email"=>"email@example.com", "age"=>21}}
  [1m[36mTRANSACTION (0.1ms)[0m  [1m[36mbegin transaction[0m
  ↳ app/controllers/api/v1/persons_controller.rb:23:in `block (2 levels) in create'
  [1m[36mPerson Create (3.1ms)[0m  [1m[32mINSERT INTO "people" ("name", "surname", "age", "email", "created_at", "updated_at") VALUES (?, ?, ?, ?, ?, ?)[0m  [["name", "John"], ["surname", "Wallace"], ["age", 21], ["email", "email@example.com"], ["created_at", "2022-03-18 12:21:36.188156"], ["updated_at", "2022-03-18 12:21:36.188156"]]
  ↳ app/controllers/api/v1/persons_controller.rb:23:in `block (2 levels) in create'
  [1m[36mTRANSACTION (15.3ms)[0m  [1m[36mcommit transaction[0m
  ↳ app/controllers/api/v1/persons_controller.rb:23:in `block (2 levels) in create'
[active_model_serializers] Rendered PersonSerializer with ActiveModelSerializers::Adapter::Attributes (0.28ms)
Completed 200 OK in 43ms (Views: 1.6ms | ActiveRecord: 18.4ms | Allocations: 11127)


Started POST "//api/v1//persons" for ::1 at 2022-03-18 15:21:46 +0300
Processing by Api::V1::PersonsController#create as */*
  Parameters: {"person"=>{"name"=>"John", "surname"=>"Wallace", "email"=>"email@example.com", "age"=>10}}
[active_model_serializers] Rendered ActiveModel::Serializer::Null with Hash (0.09ms)
Completed 200 OK in 4ms (Views: 2.5ms | ActiveRecord: 0.0ms | Allocations: 4129)


Started GET "//api/v1//persons" for ::1 at 2022-03-18 15:31:13 +0300
Processing by Api::V1::PersonsController#index as */*
Completed 500 Internal Server Error in 8ms (Allocations: 2389)


  
NameError (uninitialized constant Api::V1::PersonsController::OrderedPersonsQuery):
  
app/controllers/api/v1/persons_controller.rb:13:in `block (2 levels) in index'
app/controllers/api/v1/persons_controller.rb:11:in `index'
Started GET "//api/v1//persons" for ::1 at 2022-03-18 15:35:55 +0300
Processing by Api::V1::PersonsController#index as */*
Completed 500 Internal Server Error in 5ms (Allocations: 2421)


  
NameError (uninitialized constant Api::V1::PersonsController::Queries
Did you mean?  Queue):
  
app/controllers/api/v1/persons_controller.rb:13:in `block (2 levels) in index'
app/controllers/api/v1/persons_controller.rb:11:in `index'
  [1m[36mPerson Load (0.2ms)[0m  [1m[34mSELECT "people".* FROM "people"[0m
  [1m[36mPerson Load (0.4ms)[0m  [1m[34mSELECT "people".* FROM "people" ORDER BY "desc" ASC[0m
  [1m[36mPerson Load (0.3ms)[0m  [1m[34mSELECT "people".* FROM "people" ORDER BY "asc" ASC[0m
  [1m[36mPerson Load (0.4ms)[0m  [1m[34mSELECT "people".* FROM "people" ORDER BY "people"."id" ASC, "asc" ASC[0m
  [1m[36mPerson Load (0.3ms)[0m  [1m[34mSELECT "people".* FROM "people" ORDER BY "people"."id" ASC, "desc" ASC[0m
  [1m[36mPerson Load (0.4ms)[0m  [1m[34mSELECT "people".* FROM "people" ORDER BY "people"."surname" ASC, "desc" ASC[0m
  [1m[36mPerson Load (0.3ms)[0m  [1m[34mSELECT "people".* FROM "people" ORDER BY "people"."surname" ASC, "asc" ASC[0m
  [1m[36mPerson Load (0.4ms)[0m  [1m[34mSELECT "people".* FROM "people" ORDER BY "people"."surname" ASC, "asc" ASC[0m
  [1m[36mPerson Load (0.3ms)[0m  [1m[34mSELECT "people".* FROM "people" ORDER BY "people"."surname" ASC, "desc" ASC[0m
  [1m[36mPerson Load (0.4ms)[0m  [1m[34mSELECT "people".* FROM "people" ORDER BY "people"."surname" DESC[0m
  [1m[36mPerson Load (0.4ms)[0m  [1m[34mSELECT "people".* FROM "people" ORDER BY "people"."surname" ASC[0m
  [1m[35m (0.5ms)[0m  [1m[34mSELECT sqlite_version(*)[0m
  [1m[36mPerson Load (0.2ms)[0m  [1m[34mSELECT "people".* FROM "people" WHERE (created_at > '2022-03-17 13:08:36.145747') /* loading for inspect */ LIMIT ?[0m  [["LIMIT", 11]]
  [1m[36mPerson Load (0.3ms)[0m  [1m[34mSELECT "people".* FROM "people" WHERE (created_at > '2022-03-18 12:08:42.866963') /* loading for inspect */ LIMIT ?[0m  [["LIMIT", 11]]
  [1m[36mPerson Load (0.2ms)[0m  [1m[34mSELECT "people".* FROM "people" WHERE (created_at > '2022-03-18 11:08:47.020354') /* loading for inspect */ LIMIT ?[0m  [["LIMIT", 11]]
Started GET "//api/v1//persons" for ::1 at 2022-03-18 16:09:43 +0300
Processing by Api::V1::PersonsController#index as */*
  [1m[35m (0.1ms)[0m  [1m[34mSELECT sqlite_version(*)[0m
  ↳ app/controllers/api/v1/persons_controller.rb:12:in `block (2 levels) in index'
  [1m[36mPerson Load (0.2ms)[0m  [1m[34mSELECT "people".* FROM "people"[0m
  ↳ app/controllers/api/v1/persons_controller.rb:12:in `block (2 levels) in index'
[active_model_serializers] Rendered ActiveModel::Serializer::CollectionSerializer with ActiveModelSerializers::Adapter::Attributes (1.8ms)
Completed 200 OK in 18ms (Views: 16.0ms | ActiveRecord: 0.5ms | Allocations: 6813)


Started GET "//api/v1//persons" for ::1 at 2022-03-18 16:10:27 +0300
Processing by Api::V1::PersonsController#index as */*
  Parameters: {"last"=>"1.day", "person"=>{}}
  [1m[36mPerson Load (0.2ms)[0m  [1m[34mSELECT "people".* FROM "people"[0m
  ↳ app/controllers/api/v1/persons_controller.rb:12:in `block (2 levels) in index'
[active_model_serializers] Rendered ActiveModel::Serializer::CollectionSerializer with ActiveModelSerializers::Adapter::Attributes (2.28ms)
Completed 200 OK in 10ms (Views: 8.7ms | ActiveRecord: 0.2ms | Allocations: 2256)


Started GET "//api/v1//persons" for ::1 at 2022-03-18 16:10:46 +0300
  [1m[35m (0.1ms)[0m  [1m[34mSELECT sqlite_version(*)[0m
Processing by Api::V1::PersonsController#index as */*
  Parameters: {"last"=>"1.day", "person"=>{}}
Completed 500 Internal Server Error in 70864ms (ActiveRecord: 0.7ms | Allocations: 34389)


  
SystemExit (exit):
  
(byebug):1:in `exit'
(byebug):1:in `block in index'
app/controllers/api/v1/persons_controller.rb:13:in `block in index'
app/controllers/api/v1/persons_controller.rb:11:in `index'
Started GET "//api/v1//persons" for ::1 at 2022-03-18 16:12:21 +0300
  [1m[35m (0.6ms)[0m  [1m[34mSELECT sqlite_version(*)[0m
  [1m[35m (0.2ms)[0m  [1m[34mSELECT "schema_migrations"."version" FROM "schema_migrations" ORDER BY "schema_migrations"."version" ASC[0m
Processing by Api::V1::PersonsController#index as */*
  Parameters: {"last"=>"1.day", "person"=>{}}
  [1m[36mPerson Load (0.3ms)[0m  [1m[34mSELECT "people".* FROM "people"[0m
  ↳ app/controllers/api/v1/persons_controller.rb:13:in `block (2 levels) in index'
[active_model_serializers] Rendered ActiveModel::Serializer::CollectionSerializer with ActiveModelSerializers::Adapter::Attributes (1.6ms)
Completed 200 OK in 79718ms (Views: 25.9ms | ActiveRecord: 1.2ms | Allocations: 61060)


Started GET "//api/v1//persons" for ::1 at 2022-03-18 16:15:41 +0300
  [1m[35m (0.4ms)[0m  [1m[34mSELECT sqlite_version(*)[0m
  [1m[35m (0.2ms)[0m  [1m[34mSELECT "schema_migrations"."version" FROM "schema_migrations" ORDER BY "schema_migrations"."version" ASC[0m
Processing by Api::V1::PersonsController#index as */*
  Parameters: {"last_hours"=>"1", "person"=>{}}
  [1m[36mPerson Load (0.3ms)[0m  [1m[34mSELECT "people".* FROM "people" WHERE (created_at > '2022-03-18 13:16:16.080336') /* loading for inspect */ LIMIT ?[0m  [["LIMIT", 11]]
  ↳ app/controllers/api/v1/persons_controller.rb:13:in `block in index'
  [1m[36mPerson Load (0.3ms)[0m  [1m[34mSELECT "people".* FROM "people" WHERE (created_at > '2022-03-18 12:16:22.136097') /* loading for inspect */ LIMIT ?[0m  [["LIMIT", 11]]
  ↳ app/controllers/api/v1/persons_controller.rb:13:in `block in index'
  [1m[36mPerson Load (0.4ms)[0m  [1m[34mSELECT "people".* FROM "people" WHERE (created_at > '2022-03-18 11:16:23.743882') /* loading for inspect */ LIMIT ?[0m  [["LIMIT", 11]]
  ↳ app/controllers/api/v1/persons_controller.rb:13:in `block in index'
  [1m[36mPerson Load (0.3ms)[0m  [1m[34mSELECT "people".* FROM "people" WHERE (created_at > '2022-03-18 12:16:25.279953') /* loading for inspect */ LIMIT ?[0m  [["LIMIT", 11]]
  ↳ app/controllers/api/v1/persons_controller.rb:13:in `block in index'
  [1m[36mPerson Load (0.3ms)[0m  [1m[34mSELECT "people".* FROM "people" WHERE (created_at > '2022-03-18 12:16:46.063198') /* loading for inspect */ LIMIT ?[0m  [["LIMIT", 11]]
  ↳ app/controllers/api/v1/persons_controller.rb:13:in `block in index'
  [1m[36mPerson Load (0.3ms)[0m  [1m[34mSELECT "people".* FROM "people"[0m
  ↳ app/controllers/api/v1/persons_controller.rb:13:in `block (2 levels) in index'
[active_model_serializers] Rendered ActiveModel::Serializer::CollectionSerializer with ActiveModelSerializers::Adapter::Attributes (1.96ms)
Completed 200 OK in 143533ms (Views: 33.0ms | ActiveRecord: 2.8ms | Allocations: 66408)


Started GET "//api/v1//persons" for ::1 at 2022-03-18 16:18:14 +0300
  [1m[35m (0.1ms)[0m  [1m[34mSELECT sqlite_version(*)[0m
Processing by Api::V1::PersonsController#index as */*
  Parameters: {"last_hours"=>"1", "person"=>{}}
  [1m[36mPerson Load (0.2ms)[0m  [1m[34mSELECT "people".* FROM "people" WHERE (created_at > '2022-03-18 12:18:14.349264')[0m
  ↳ app/controllers/api/v1/persons_controller.rb:14:in `block (2 levels) in index'
[active_model_serializers] Rendered ActiveModel::Serializer::CollectionSerializer with ActiveModelSerializers::Adapter::Attributes (0.41ms)
Completed 200 OK in 25ms (Views: 22.5ms | ActiveRecord: 1.5ms | Allocations: 4676)


Started GET "//api/v1//persons" for ::1 at 2022-03-18 16:18:17 +0300
Processing by Api::V1::PersonsController#index as */*
  Parameters: {"last_hours"=>"2", "person"=>{}}
  [1m[36mPerson Load (0.3ms)[0m  [1m[34mSELECT "people".* FROM "people" WHERE (created_at > '2022-03-18 11:18:17.710176')[0m
  ↳ app/controllers/api/v1/persons_controller.rb:14:in `block (2 levels) in index'
[active_model_serializers] Rendered ActiveModel::Serializer::CollectionSerializer with ActiveModelSerializers::Adapter::Attributes (1.66ms)
Completed 200 OK in 6ms (Views: 5.3ms | ActiveRecord: 0.3ms | Allocations: 2348)


Started GET "//api/v1//persons" for ::1 at 2022-03-18 16:18:24 +0300
Processing by Api::V1::PersonsController#index as */*
  [1m[36mPerson Load (0.3ms)[0m  [1m[34mSELECT "people".* FROM "people"[0m
  ↳ app/controllers/api/v1/persons_controller.rb:16:in `block (2 levels) in index'
[active_model_serializers] Rendered ActiveModel::Serializer::CollectionSerializer with ActiveModelSerializers::Adapter::Attributes (2.51ms)
Completed 200 OK in 8ms (Views: 7.3ms | ActiveRecord: 0.3ms | Allocations: 2307)


Started GET "//api/v1//persons" for ::1 at 2022-03-18 16:18:26 +0300
Processing by Api::V1::PersonsController#index as */*
  [1m[36mPerson Load (0.1ms)[0m  [1m[34mSELECT "people".* FROM "people"[0m
  ↳ app/controllers/api/v1/persons_controller.rb:16:in `block (2 levels) in index'
[active_model_serializers] Rendered ActiveModel::Serializer::CollectionSerializer with ActiveModelSerializers::Adapter::Attributes (1.47ms)
Completed 200 OK in 5ms (Views: 4.3ms | ActiveRecord: 0.1ms | Allocations: 2287)


Started GET "/" for ::1 at 2022-03-18 16:30:38 +0300
Processing by Rails::WelcomeController#index as HTML
  Rendering /usr/share/rvm/gems/ruby-2.7.4/gems/railties-6.1.5/lib/rails/templates/rails/welcome/index.html.erb
  Rendered /usr/share/rvm/gems/ruby-2.7.4/gems/railties-6.1.5/lib/rails/templates/rails/welcome/index.html.erb (Duration: 32.1ms | Allocations: 327)
Completed 200 OK in 37ms (Views: 34.9ms | Allocations: 1606)


Started GET "/persons" for ::1 at 2022-03-18 16:30:44 +0300
Processing by PersonsController#index as HTML
Completed 500 Internal Server Error in 12ms (Allocations: 3728)


  
NoMethodError (undefined method `all?' for Person (call 'Person.connection' to establish a connection):Class
Did you mean?  all):
  
app/controllers/persons_controller.rb:3:in `index'
Started GET "/persons" for ::1 at 2022-03-18 16:31:07 +0300
Processing by PersonsController#index as HTML
Completed 406 Not Acceptable in 4ms (Allocations: 2109)


  
ActionController::MissingExactTemplate (PersonsController#index is missing a template for request formats: text/html):
  
actionpack (6.1.5) lib/action_controller/metal/implicit_render.rb:45:in `default_render'
actionpack (6.1.5) lib/action_controller/metal/basic_implicit_render.rb:6:in `block in send_action'
actionpack (6.1.5) lib/action_controller/metal/basic_implicit_render.rb:6:in `tap'
actionpack (6.1.5) lib/action_controller/metal/basic_implicit_render.rb:6:in `send_action'
actionpack (6.1.5) lib/abstract_controller/base.rb:228:in `process_action'
actionpack (6.1.5) lib/action_controller/metal/rendering.rb:30:in `process_action'
actionpack (6.1.5) lib/abstract_controller/callbacks.rb:42:in `block in process_action'
activesupport (6.1.5) lib/active_support/callbacks.rb:117:in `block in run_callbacks'
actiontext (6.1.5) lib/action_text/rendering.rb:20:in `with_renderer'
actiontext (6.1.5) lib/action_text/engine.rb:59:in `block (4 levels) in <class:Engine>'
activesupport (6.1.5) lib/active_support/callbacks.rb:126:in `instance_exec'
activesupport (6.1.5) lib/active_support/callbacks.rb:126:in `block in run_callbacks'
activesupport (6.1.5) lib/active_support/callbacks.rb:137:in `run_callbacks'
actionpack (6.1.5) lib/abstract_controller/callbacks.rb:41:in `process_action'
actionpack (6.1.5) lib/action_controller/metal/rescue.rb:22:in `process_action'
actionpack (6.1.5) lib/action_controller/metal/instrumentation.rb:34:in `block in process_action'
activesupport (6.1.5) lib/active_support/notifications.rb:203:in `block in instrument'
activesupport (6.1.5) lib/active_support/notifications/instrumenter.rb:24:in `instrument'
activesupport (6.1.5) lib/active_support/notifications.rb:203:in `instrument'
actionpack (6.1.5) lib/action_controller/metal/instrumentation.rb:33:in `process_action'
actionpack (6.1.5) lib/action_controller/metal/params_wrapper.rb:249:in `process_action'
activerecord (6.1.5) lib/active_record/railties/controller_runtime.rb:27:in `process_action'
actionpack (6.1.5) lib/abstract_controller/base.rb:165:in `process'
actionview (6.1.5) lib/action_view/rendering.rb:39:in `process'
actionpack (6.1.5) lib/action_controller/metal.rb:190:in `dispatch'
actionpack (6.1.5) lib/action_controller/metal.rb:254:in `dispatch'
actionpack (6.1.5) lib/action_dispatch/routing/route_set.rb:50:in `dispatch'
actionpack (6.1.5) lib/action_dispatch/routing/route_set.rb:33:in `serve'
actionpack (6.1.5) lib/action_dispatch/journey/router.rb:50:in `block in serve'
actionpack (6.1.5) lib/action_dispatch/journey/router.rb:32:in `each'
actionpack (6.1.5) lib/action_dispatch/journey/router.rb:32:in `serve'
actionpack (6.1.5) lib/action_dispatch/routing/route_set.rb:842:in `call'
rack (2.2.3) lib/rack/tempfile_reaper.rb:15:in `call'
rack (2.2.3) lib/rack/etag.rb:27:in `call'
rack (2.2.3) lib/rack/conditional_get.rb:27:in `call'
rack (2.2.3) lib/rack/head.rb:12:in `call'
actionpack (6.1.5) lib/action_dispatch/http/permissions_policy.rb:22:in `call'
actionpack (6.1.5) lib/action_dispatch/http/content_security_policy.rb:19:in `call'
rack (2.2.3) lib/rack/session/abstract/id.rb:266:in `context'
rack (2.2.3) lib/rack/session/abstract/id.rb:260:in `call'
actionpack (6.1.5) lib/action_dispatch/middleware/cookies.rb:689:in `call'
activerecord (6.1.5) lib/active_record/migration.rb:601:in `call'
actionpack (6.1.5) lib/action_dispatch/middleware/callbacks.rb:27:in `block in call'
activesupport (6.1.5) lib/active_support/callbacks.rb:98:in `run_callbacks'
actionpack (6.1.5) lib/action_dispatch/middleware/callbacks.rb:26:in `call'
actionpack (6.1.5) lib/action_dispatch/middleware/executor.rb:14:in `call'
actionpack (6.1.5) lib/action_dispatch/middleware/actionable_exceptions.rb:18:in `call'
actionpack (6.1.5) lib/action_dispatch/middleware/debug_exceptions.rb:29:in `call'
web-console (4.2.0) lib/web_console/middleware.rb:132:in `call_app'
web-console (4.2.0) lib/web_console/middleware.rb:28:in `block in call'
web-console (4.2.0) lib/web_console/middleware.rb:17:in `catch'
web-console (4.2.0) lib/web_console/middleware.rb:17:in `call'
actionpack (6.1.5) lib/action_dispatch/middleware/show_exceptions.rb:33:in `call'
railties (6.1.5) lib/rails/rack/logger.rb:37:in `call_app'
railties (6.1.5) lib/rails/rack/logger.rb:26:in `block in call'
activesupport (6.1.5) lib/active_support/tagged_logging.rb:99:in `block in tagged'
activesupport (6.1.5) lib/active_support/tagged_logging.rb:37:in `tagged'
activesupport (6.1.5) lib/active_support/tagged_logging.rb:99:in `tagged'
railties (6.1.5) lib/rails/rack/logger.rb:26:in `call'
sprockets-rails (3.4.2) lib/sprockets/rails/quiet_assets.rb:13:in `call'
actionpack (6.1.5) lib/action_dispatch/middleware/remote_ip.rb:81:in `call'
actionpack (6.1.5) lib/action_dispatch/middleware/request_id.rb:26:in `call'
rack (2.2.3) lib/rack/method_override.rb:24:in `call'
rack (2.2.3) lib/rack/runtime.rb:22:in `call'
activesupport (6.1.5) lib/active_support/cache/strategy/local_cache_middleware.rb:29:in `call'
actionpack (6.1.5) lib/action_dispatch/middleware/executor.rb:14:in `call'
actionpack (6.1.5) lib/action_dispatch/middleware/static.rb:24:in `call'
rack (2.2.3) lib/rack/sendfile.rb:110:in `call'
actionpack (6.1.5) lib/action_dispatch/middleware/host_authorization.rb:148:in `call'
rack-mini-profiler (2.3.4) lib/mini_profiler/profiler.rb:393:in `call'
webpacker (5.4.3) lib/webpacker/dev_server_proxy.rb:25:in `perform_request'
rack-proxy (0.7.2) lib/rack/proxy.rb:67:in `call'
railties (6.1.5) lib/rails/engine.rb:539:in `call'
puma (5.6.2) lib/puma/configuration.rb:252:in `call'
puma (5.6.2) lib/puma/request.rb:77:in `block in handle_request'
puma (5.6.2) lib/puma/thread_pool.rb:340:in `with_force_shutdown'
puma (5.6.2) lib/puma/request.rb:76:in `handle_request'
puma (5.6.2) lib/puma/server.rb:441:in `process_client'
puma (5.6.2) lib/puma/thread_pool.rb:147:in `block in spawn_thread'
Started GET "/persons" for ::1 at 2022-03-18 16:32:18 +0300
Processing by PersonsController#index as HTML
  Rendering layout layouts/application.html.erb
  Rendering persons/index.html.erb within layouts/application
  Rendered persons/index.html.erb within layouts/application (Duration: 4.1ms | Allocations: 1582)
  Rendered layout layouts/application.html.erb (Duration: 4.5ms | Allocations: 1646)
Completed 500 Internal Server Error in 24ms (Allocations: 2705)


  
ActionView::Template::Error (undefined method `each' for nil:NilClass):
    1: <h2>Persons</h2>
    2: 
    3: <% @persons.each do |person| %>
    4: <%= "#{person.name} #{person.surname}" %>
    5: <% end %>
  
app/views/persons/index.html.erb:3
Started GET "/persons" for ::1 at 2022-03-18 16:32:27 +0300
Processing by PersonsController#index as HTML
  Rendering layout layouts/application.html.erb
  Rendering persons/index.html.erb within layouts/application
  [1m[35m (0.1ms)[0m  [1m[34mSELECT sqlite_version(*)[0m
  ↳ app/views/persons/index.html.erb:3
  [1m[36mPerson Load (0.2ms)[0m  [1m[34mSELECT "people".* FROM "people"[0m
  ↳ app/views/persons/index.html.erb:3
  Rendered persons/index.html.erb within layouts/application (Duration: 14.2ms | Allocations: 4372)
[Webpacker] Compiling...
[Webpacker] Compiled all packs in /home/i/Documents/thinknetica/task_1/crud_api/public/packs
[Webpacker] Hash: 2034dd941d5476d8645c
Version: webpack 4.46.0
Time: 3073ms
Built at: 03/18/2022 4:32:33 PM
                                     Asset       Size       Chunks                         Chunk Names
    js/application-3dd0dc24d9c39bc09227.js    125 KiB  application  [emitted] [immutable]  application
js/application-3dd0dc24d9c39bc09227.js.map    139 KiB  application  [emitted] [dev]        application
                             manifest.json  364 bytes               [emitted]              
Entrypoint application = js/application-3dd0dc24d9c39bc09227.js js/application-3dd0dc24d9c39bc09227.js.map
[./app/javascript/channels sync recursive _channel\.js$] ./app/javascript/channels sync _channel\.js$ 160 bytes {application} [built]
[./app/javascript/channels/index.js] 211 bytes {application} [built]
[./app/javascript/packs/application.js] 492 bytes {application} [built]
[./node_modules/webpack/buildin/module.js] (webpack)/buildin/module.js 552 bytes {application} [built]
    + 3 hidden modules

  Rendered layout layouts/application.html.erb (Duration: 6839.2ms | Allocations: 18463)
Completed 200 OK in 6842ms (Views: 6840.3ms | ActiveRecord: 0.6ms | Allocations: 19166)


Started GET "/persons" for ::1 at 2022-03-18 16:33:22 +0300
Processing by PersonsController#index as HTML
  Rendering layout layouts/application.html.erb
  Rendering persons/index.html.erb within layouts/application
  [1m[36mPerson Load (0.2ms)[0m  [1m[34mSELECT "people".* FROM "people"[0m
  ↳ app/views/persons/index.html.erb:4
  Rendered persons/index.html.erb within layouts/application (Duration: 2.8ms | Allocations: 955)
[Webpacker] Everything's up-to-date. Nothing to do
  Rendered layout layouts/application.html.erb (Duration: 8.7ms | Allocations: 4010)
Completed 200 OK in 11ms (Views: 10.1ms | ActiveRecord: 0.2ms | Allocations: 5115)


Started GET "/persons" for ::1 at 2022-03-18 16:33:37 +0300
Processing by PersonsController#index as HTML
  Rendering layout layouts/application.html.erb
  Rendering persons/index.html.erb within layouts/application
  [1m[36mPerson Load (0.3ms)[0m  [1m[34mSELECT "people".* FROM "people"[0m
  ↳ app/views/persons/index.html.erb:4
  Rendered persons/index.html.erb within layouts/application (Duration: 4.7ms | Allocations: 950)
[Webpacker] Everything's up-to-date. Nothing to do
  Rendered layout layouts/application.html.erb (Duration: 10.5ms | Allocations: 4006)
Completed 200 OK in 14ms (Views: 12.3ms | ActiveRecord: 0.3ms | Allocations: 5100)


Started GET "/persons" for ::1 at 2022-03-18 16:33:39 +0300
Processing by PersonsController#index as HTML
  Rendering layout layouts/application.html.erb
  Rendering persons/index.html.erb within layouts/application
  [1m[36mPerson Load (0.2ms)[0m  [1m[34mSELECT "people".* FROM "people"[0m
  ↳ app/views/persons/index.html.erb:4
  Rendered persons/index.html.erb within layouts/application (Duration: 2.7ms | Allocations: 815)
[Webpacker] Everything's up-to-date. Nothing to do
  Rendered layout layouts/application.html.erb (Duration: 8.0ms | Allocations: 3697)
Completed 200 OK in 9ms (Views: 8.5ms | ActiveRecord: 0.2ms | Allocations: 4085)


Started GET "/persons" for ::1 at 2022-03-18 16:55:15 +0300
Processing by PersonsController#index as HTML
  Rendering layout layouts/application.html.erb
  Rendering persons/index.html.erb within layouts/application
  [1m[35m (0.1ms)[0m  [1m[34mSELECT sqlite_version(*)[0m
  ↳ app/views/persons/index.html.erb:4
  [1m[36mPerson Load (0.2ms)[0m  [1m[34mSELECT "people".* FROM "people"[0m
  ↳ app/views/persons/index.html.erb:4
  Rendered persons/index.html.erb within layouts/application (Duration: 34.6ms | Allocations: 8428)
  Rendered layout layouts/application.html.erb (Duration: 34.9ms | Allocations: 8492)
Completed 500 Internal Server Error in 39ms (ActiveRecord: 0.4ms | Allocations: 9806)


  
ActionView::Template::Error (undefined local variable or method `person_presenter' for #<ActionView::Base:0x0000000000f690>
Did you mean?  persons_path):
    4: 	<% @persons.each do |person| %>
    5: 		<li>
    6: 			<%= "#{person.name} #{person.surname}" %>
    7:       <%= person_presenter.name %>
    8: 		</li>
    9: 	<% end %>
   10: </ul>
  
app/views/persons/index.html.erb:7
app/views/persons/index.html.erb:4
Started GET "/persons" for ::1 at 2022-03-18 16:55:34 +0300
  [1m[35m (0.5ms)[0m  [1m[34mSELECT sqlite_version(*)[0m
  [1m[35m (0.2ms)[0m  [1m[34mSELECT "schema_migrations"."version" FROM "schema_migrations" ORDER BY "schema_migrations"."version" ASC[0m
Processing by PersonsController#index as HTML
  Rendering layout layouts/application.html.erb
  Rendering persons/index.html.erb within layouts/application
  [1m[36mPerson Load (0.3ms)[0m  [1m[34mSELECT "people".* FROM "people"[0m
  ↳ app/views/persons/index.html.erb:4
  Rendered persons/index.html.erb within layouts/application (Duration: 27.3ms | Allocations: 9165)
  Rendered layout layouts/application.html.erb (Duration: 27.6ms | Allocations: 9234)
Completed 500 Internal Server Error in 40ms (ActiveRecord: 0.8ms | Allocations: 11985)


  
ActionView::Template::Error (undefined local variable or method `person_presenter' for #<ActionView::Base:0x000000000095d8>
Did you mean?  persons_path):
    4: 	<% @persons.each do |person| %>
    5: 		<li>
    6: 			<%= "#{person.name} #{person.surname}" %>
    7:       <%= person_presenter.name %>
    8: 		</li>
    9: 	<% end %>
   10: </ul>
  
app/views/persons/index.html.erb:7
app/views/persons/index.html.erb:4
Started GET "/persons" for ::1 at 2022-03-18 16:56:19 +0300
Processing by PersonsController#index as HTML
  Rendering layout layouts/application.html.erb
  Rendering persons/index.html.erb within layouts/application
  Rendered persons/index.html.erb within layouts/application (Duration: 1.3ms | Allocations: 1158)
  Rendered layout layouts/application.html.erb (Duration: 1.6ms | Allocations: 1224)
Completed 500 Internal Server Error in 5ms (ActiveRecord: 0.0ms | Allocations: 2416)


  
ActionView::SyntaxErrorInTemplate (Encountered a syntax error while rendering template: check <h2>Persons</h2>

<ul>
	<% @persons.each do |person| %>
    <% present @person do |person_presenter| %>
		<li>
			<%= "#{person.name} #{person.surname}" %>
      <%= person_presenter.name %>
		</li>
	<% end %>
</ul>
):
1:    <h2>Persons</h2>
2:    
3:    <ul>
4:    	<% @persons.each do |person| %>
5:        <% present @person do |person_presenter| %>
6:    		<li>
7:    			<%= "#{person.name} #{person.surname}" %>
8:          <%= person_presenter.name %>
9:    		</li>
10:    	<% end %>
11:    </ul>
  
app/views/persons/index.html.erb:13: syntax error, unexpected end-of-input, expecting `end'
app/views/persons/index.html.erb:13: syntax error, unexpected end-of-input, expecting `end'
app/views/persons/index.html.erb:13: syntax error, unexpected end-of-input, expecting `end'
app/views/persons/index.html.erb:13: syntax error, unexpected end-of-input, expecting `end'
app/views/persons/index.html.erb:13: syntax error, unexpected end-of-input, expecting `end'
app/views/persons/index.html.erb:13: syntax error, unexpected end-of-input, expecting `end'
Started GET "/persons" for ::1 at 2022-03-18 16:56:37 +0300
Processing by PersonsController#index as HTML
  Rendering layout layouts/application.html.erb
  Rendering persons/index.html.erb within layouts/application
  [1m[36mPerson Load (0.2ms)[0m  [1m[34mSELECT "people".* FROM "people"[0m
  ↳ app/views/persons/index.html.erb:4
  Rendered persons/index.html.erb within layouts/application (Duration: 10.0ms | Allocations: 3614)
  Rendered layout layouts/application.html.erb (Duration: 10.3ms | Allocations: 3679)
Completed 500 Internal Server Error in 14ms (ActiveRecord: 0.2ms | Allocations: 4762)


  
ActionView::Template::Error (uninitialized constant NilClassPresenter):
    2: 
    3: <ul>
    4: 	<% @persons.each do |person| %>
    5:     <% present @person do |person_presenter| %>
    6:   		<li>
    7:   			<%= "#{person.name} #{person.surname}" %>
    8:         <%= person_presenter.name %>
  
app/helpers/application_helper.rb:3:in `present'
app/views/persons/index.html.erb:5
app/views/persons/index.html.erb:4
Started GET "/persons" for ::1 at 2022-03-18 16:57:30 +0300
Processing by PersonsController#index as HTML
  Rendering layout layouts/application.html.erb
  Rendering persons/index.html.erb within layouts/application
  [1m[36mPerson Load (0.2ms)[0m  [1m[34mSELECT "people".* FROM "people"[0m
  ↳ app/views/persons/index.html.erb:4
  Rendered persons/index.html.erb within layouts/application (Duration: 14.6ms | Allocations: 4903)
  Rendered layout layouts/application.html.erb (Duration: 15.0ms | Allocations: 4968)
Completed 500 Internal Server Error in 19ms (ActiveRecord: 0.2ms | Allocations: 6051)


  
ActionView::Template::Error (wrong number of arguments (given 0, expected 1)):
     5:     <% present person do |person_presenter| %>
     6:   		<li>
     7:   			<%= "#{person.name} #{person.surname}" %>
     8:         <%= person_presenter.name %>
     9:   		</li>
    10:     <% end %>
    11: 	<% end %>
  
app/presenters/person_presenter.rb:22:in `handle_none'
app/presenters/person_presenter.rb:16:in `name'
app/views/persons/index.html.erb:8
app/helpers/application_helper.rb:5:in `present'
app/views/persons/index.html.erb:5
app/views/persons/index.html.erb:4
Started GET "/persons" for ::1 at 2022-03-18 16:57:48 +0300
Processing by PersonsController#index as HTML
  Rendering layout layouts/application.html.erb
  Rendering persons/index.html.erb within layouts/application
  [1m[35m (0.1ms)[0m  [1m[34mSELECT sqlite_version(*)[0m
  ↳ app/views/persons/index.html.erb:4
  [1m[36mPerson Load (0.2ms)[0m  [1m[34mSELECT "people".* FROM "people"[0m
  ↳ app/views/persons/index.html.erb:4
  Rendered persons/index.html.erb within layouts/application (Duration: 13.2ms | Allocations: 4996)
[Webpacker] Everything's up-to-date. Nothing to do
  Rendered layout layouts/application.html.erb (Duration: 23.7ms | Allocations: 9539)
Completed 200 OK in 26ms (Views: 24.6ms | ActiveRecord: 1.2ms | Allocations: 10328)


Started GET "/persons" for ::1 at 2022-03-18 16:58:22 +0300
Processing by PersonsController#index as HTML
  Rendering layout layouts/application.html.erb
  Rendering persons/index.html.erb within layouts/application
  [1m[36mPerson Load (0.2ms)[0m  [1m[34mSELECT "people".* FROM "people"[0m
  ↳ app/views/persons/index.html.erb:4
  Rendered persons/index.html.erb within layouts/application (Duration: 4.4ms | Allocations: 1077)
[Webpacker] Everything's up-to-date. Nothing to do
  Rendered layout layouts/application.html.erb (Duration: 10.0ms | Allocations: 4139)
Completed 200 OK in 13ms (Views: 11.8ms | ActiveRecord: 0.2ms | Allocations: 5238)


Started GET "/persons" for ::1 at 2022-03-18 16:58:59 +0300
Processing by PersonsController#index as HTML
  Rendering layout layouts/application.html.erb
  Rendering persons/index.html.erb within layouts/application
  [1m[36mPerson Load (0.2ms)[0m  [1m[34mSELECT "people".* FROM "people"[0m
  ↳ app/views/persons/index.html.erb:4
  Rendered persons/index.html.erb within layouts/application (Duration: 3.5ms | Allocations: 1072)
[Webpacker] Everything's up-to-date. Nothing to do
  Rendered layout layouts/application.html.erb (Duration: 8.3ms | Allocations: 4127)
Completed 200 OK in 13ms (Views: 10.5ms | ActiveRecord: 0.2ms | Allocations: 5220)


Started GET "/persons" for ::1 at 2022-03-18 17:01:48 +0300
Processing by PersonsController#index as HTML
  Rendering layout layouts/application.html.erb
  Rendering persons/index.html.erb within layouts/application
  [1m[35m (0.1ms)[0m  [1m[34mSELECT sqlite_version(*)[0m
  ↳ app/views/persons/index.html.erb:4
  [1m[36mPerson Load (0.2ms)[0m  [1m[34mSELECT "people".* FROM "people"[0m
  ↳ app/views/persons/index.html.erb:4
  Rendered persons/index.html.erb within layouts/application (Duration: 13.4ms | Allocations: 5153)
[Webpacker] Everything's up-to-date. Nothing to do
  Rendered layout layouts/application.html.erb (Duration: 18.3ms | Allocations: 8170)
Completed 200 OK in 22ms (Views: 19.9ms | ActiveRecord: 1.0ms | Allocations: 9506)


Started GET "/persons" for ::1 at 2022-03-18 17:01:54 +0300
Processing by PersonsController#index as HTML
  Rendering layout layouts/application.html.erb
  Rendering persons/index.html.erb within layouts/application
  [1m[36mPerson Load (0.1ms)[0m  [1m[34mSELECT "people".* FROM "people"[0m
  ↳ app/views/persons/index.html.erb:4
  Rendered persons/index.html.erb within layouts/application (Duration: 18.2ms | Allocations: 11690)
[Webpacker] Everything's up-to-date. Nothing to do
  Rendered layout layouts/application.html.erb (Duration: 24.1ms | Allocations: 14745)
Completed 200 OK in 29ms (Views: 27.0ms | ActiveRecord: 0.1ms | Allocations: 15838)


Started GET "/persons" for ::1 at 2022-03-18 17:02:40 +0300
Processing by PersonsController#index as HTML
  Rendering layout layouts/application.html.erb
  Rendering persons/index.html.erb within layouts/application
  [1m[35m (0.1ms)[0m  [1m[34mSELECT sqlite_version(*)[0m
  ↳ app/views/persons/index.html.erb:4
  [1m[36mPerson Load (0.2ms)[0m  [1m[34mSELECT "people".* FROM "people"[0m
  ↳ app/views/persons/index.html.erb:4
  Rendered persons/index.html.erb within layouts/application (Duration: 24.3ms | Allocations: 14179)
[Webpacker] Everything's up-to-date. Nothing to do
  Rendered layout layouts/application.html.erb (Duration: 29.1ms | Allocations: 17033)
Completed 200 OK in 31ms (Views: 30.0ms | ActiveRecord: 1.2ms | Allocations: 17775)


Started GET "/persons" for ::1 at 2022-03-18 17:04:05 +0300
Processing by PersonsController#index as HTML
  Rendering layout layouts/application.html.erb
  Rendering persons/index.html.erb within layouts/application
  [1m[36mPerson Load (0.2ms)[0m  [1m[34mSELECT "people".* FROM "people"[0m
  ↳ app/views/persons/index.html.erb:4
  Rendered persons/index.html.erb within layouts/application (Duration: 11.5ms | Allocations: 6983)
[Webpacker] Everything's up-to-date. Nothing to do
  Rendered layout layouts/application.html.erb (Duration: 17.5ms | Allocations: 10037)
Completed 200 OK in 22ms (Views: 19.5ms | ActiveRecord: 0.2ms | Allocations: 11157)


Started GET "/persons" for ::1 at 2022-03-18 17:04:16 +0300
Processing by PersonsController#index as HTML
  Rendering layout layouts/application.html.erb
  Rendering persons/index.html.erb within layouts/application
  [1m[35m (0.1ms)[0m  [1m[34mSELECT sqlite_version(*)[0m
  ↳ app/views/persons/index.html.erb:4
  [1m[36mPerson Load (0.2ms)[0m  [1m[34mSELECT "people".* FROM "people"[0m
  ↳ app/views/persons/index.html.erb:4
  Rendered persons/index.html.erb within layouts/application (Duration: 26.7ms | Allocations: 14155)
[Webpacker] Everything's up-to-date. Nothing to do
  Rendered layout layouts/application.html.erb (Duration: 31.7ms | Allocations: 17001)
Completed 200 OK in 34ms (Views: 32.7ms | ActiveRecord: 1.2ms | Allocations: 17743)


Started GET "/persons" for ::1 at 2022-03-18 17:04:25 +0300
Processing by PersonsController#index as HTML
  Rendering layout layouts/application.html.erb
  Rendering persons/index.html.erb within layouts/application
  [1m[36mPerson Load (0.2ms)[0m  [1m[34mSELECT "people".* FROM "people"[0m
  ↳ app/views/persons/index.html.erb:4
  Rendered persons/index.html.erb within layouts/application (Duration: 9.7ms | Allocations: 6784)
[Webpacker] Everything's up-to-date. Nothing to do
  Rendered layout layouts/application.html.erb (Duration: 14.2ms | Allocations: 9673)
Completed 200 OK in 15ms (Views: 14.6ms | ActiveRecord: 0.2ms | Allocations: 10061)


Started GET "/persons" for ::1 at 2022-03-18 17:04:30 +0300
Processing by PersonsController#index as HTML
  Rendering layout layouts/application.html.erb
  Rendering persons/index.html.erb within layouts/application
  [1m[35m (0.1ms)[0m  [1m[34mSELECT sqlite_version(*)[0m
  ↳ app/views/persons/index.html.erb:4
  [1m[36mPerson Load (0.2ms)[0m  [1m[34mSELECT "people".* FROM "people"[0m
  ↳ app/views/persons/index.html.erb:4
  Rendered persons/index.html.erb within layouts/application (Duration: 27.0ms | Allocations: 14303)
[Webpacker] Everything's up-to-date. Nothing to do
  Rendered layout layouts/application.html.erb (Duration: 32.4ms | Allocations: 17159)
Completed 200 OK in 35ms (Views: 33.2ms | ActiveRecord: 1.1ms | Allocations: 17910)


Started GET "/persons" for ::1 at 2022-03-18 17:05:16 +0300
Processing by PersonsController#index as HTML
  Rendering layout layouts/application.html.erb
  Rendering persons/index.html.erb within layouts/application
  [1m[35m (0.2ms)[0m  [1m[34mSELECT sqlite_version(*)[0m
  ↳ app/views/persons/index.html.erb:4
  [1m[36mPerson Load (0.3ms)[0m  [1m[34mSELECT "people".* FROM "people"[0m
  ↳ app/views/persons/index.html.erb:4
  Rendered persons/index.html.erb within layouts/application (Duration: 66.1ms | Allocations: 14450)
[Webpacker] Everything's up-to-date. Nothing to do
  Rendered layout layouts/application.html.erb (Duration: 72.7ms | Allocations: 17668)
Completed 200 OK in 77ms (Views: 74.7ms | ActiveRecord: 1.8ms | Allocations: 19010)


Started GET "/persons" for ::1 at 2022-03-18 17:05:32 +0300
Processing by PersonsController#index as HTML
  Rendering layout layouts/application.html.erb
  Rendering persons/index.html.erb within layouts/application
  [1m[35m (0.1ms)[0m  [1m[34mSELECT sqlite_version(*)[0m
  ↳ app/views/persons/index.html.erb:4
  [1m[36mPerson Load (0.2ms)[0m  [1m[34mSELECT "people".* FROM "people"[0m
  ↳ app/views/persons/index.html.erb:4
  Rendered persons/index.html.erb within layouts/application (Duration: 12.8ms | Allocations: 5709)
  Rendered layout layouts/application.html.erb (Duration: 13.1ms | Allocations: 5773)
Completed 500 Internal Server Error in 15ms (ActiveRecord: 1.2ms | Allocations: 6483)


  
SyntaxError (/home/i/Documents/thinknetica/task_1/crud_api/app/presenters/person_presenter.rb:18: syntax error, unexpected symbol literal, expecting `end'
...uccess? ? nil : h.content_tag :span, validation.errors.to_h
...                              ^
):
  
app/presenters/person_presenter.rb:18: syntax error, unexpected symbol literal, expecting `end'
app/presenters/person_presenter.rb:18: syntax error, unexpected symbol literal, expecting `end'
app/presenters/person_presenter.rb:18: syntax error, unexpected symbol literal, expecting `end'
app/helpers/application_helper.rb:3:in `present'
app/views/persons/index.html.erb:5
app/views/persons/index.html.erb:4
Started GET "/persons" for ::1 at 2022-03-18 17:05:59 +0300
Processing by PersonsController#index as HTML
  Rendering layout layouts/application.html.erb
  Rendering persons/index.html.erb within layouts/application
  [1m[35m (0.1ms)[0m  [1m[34mSELECT sqlite_version(*)[0m
  ↳ app/views/persons/index.html.erb:4
  [1m[36mPerson Load (0.2ms)[0m  [1m[34mSELECT "people".* FROM "people"[0m
  ↳ app/views/persons/index.html.erb:4
  Rendered persons/index.html.erb within layouts/application (Duration: 32.0ms | Allocations: 14244)
[Webpacker] Everything's up-to-date. Nothing to do
  Rendered layout layouts/application.html.erb (Duration: 36.6ms | Allocations: 17098)
Completed 200 OK in 39ms (Views: 37.5ms | ActiveRecord: 1.1ms | Allocations: 17840)


Started GET "/persons" for ::1 at 2022-03-18 17:06:17 +0300
Processing by PersonsController#index as HTML
  Rendering layout layouts/application.html.erb
  Rendering persons/index.html.erb within layouts/application
  [1m[36mPerson Load (0.2ms)[0m  [1m[34mSELECT "people".* FROM "people"[0m
  ↳ app/views/persons/index.html.erb:4
  Rendered persons/index.html.erb within layouts/application (Duration: 13.8ms | Allocations: 6995)
[Webpacker] Everything's up-to-date. Nothing to do
  Rendered layout layouts/application.html.erb (Duration: 20.2ms | Allocations: 10049)
Completed 200 OK in 24ms (Views: 22.8ms | ActiveRecord: 0.2ms | Allocations: 11147)


Started GET "/persons" for ::1 at 2022-03-18 17:06:31 +0300
Processing by PersonsController#index as HTML
  Rendering layout layouts/application.html.erb
  Rendering persons/index.html.erb within layouts/application
  [1m[35m (0.1ms)[0m  [1m[34mSELECT sqlite_version(*)[0m
  ↳ app/views/persons/index.html.erb:4
  [1m[36mPerson Load (0.2ms)[0m  [1m[34mSELECT "people".* FROM "people"[0m
  ↳ app/views/persons/index.html.erb:4
  Rendered persons/index.html.erb within layouts/application (Duration: 26.2ms | Allocations: 14382)
[Webpacker] Everything's up-to-date. Nothing to do
  Rendered layout layouts/application.html.erb (Duration: 31.7ms | Allocations: 17398)
Completed 200 OK in 36ms (Views: 33.4ms | ActiveRecord: 1.0ms | Allocations: 18735)


Started GET "/persons" for ::1 at 2022-03-18 17:06:52 +0300
Processing by PersonsController#index as HTML
  Rendering layout layouts/application.html.erb
  Rendering persons/index.html.erb within layouts/application
  [1m[36mPerson Load (0.2ms)[0m  [1m[34mSELECT "people".* FROM "people"[0m
  ↳ app/views/persons/index.html.erb:4
  Rendered persons/index.html.erb within layouts/application (Duration: 16.8ms | Allocations: 6987)
[Webpacker] Everything's up-to-date. Nothing to do
  Rendered layout layouts/application.html.erb (Duration: 22.2ms | Allocations: 10052)
Completed 200 OK in 25ms (Views: 23.8ms | ActiveRecord: 0.2ms | Allocations: 11146)


  [1m[35m (0.4ms)[0m  [1m[34mSELECT sqlite_version(*)[0m
  [1m[36mTRANSACTION (0.1ms)[0m  [1m[36mbegin transaction[0m
  [1m[36mPerson Create (0.3ms)[0m  [1m[32mINSERT INTO "people" ("created_at", "updated_at") VALUES (?, ?)[0m  [["created_at", "2022-03-21 05:18:04.943905"], ["updated_at", "2022-03-21 05:18:04.943905"]]
  [1m[36mTRANSACTION (43.9ms)[0m  [1m[36mcommit transaction[0m
  [1m[35m (0.1ms)[0m  [1m[34mSELECT sqlite_version(*)[0m
  [1m[35m (0.9ms)[0m  [1m[34mSELECT sqlite_version(*)[0m
  [1m[35m (0.5ms)[0m  [1m[34mSELECT sqlite_version(*)[0m
  [1m[35m (0.6ms)[0m  [1m[34mSELECT sqlite_version(*)[0m
  [1m[35m (0.5ms)[0m  [1m[34mSELECT sqlite_version(*)[0m
  [1m[35m (0.5ms)[0m  [1m[34mSELECT sqlite_version(*)[0m
  [1m[35m (0.4ms)[0m  [1m[34mSELECT sqlite_version(*)[0m
  [1m[35m (0.4ms)[0m  [1m[34mSELECT sqlite_version(*)[0m
  [1m[35m (0.5ms)[0m  [1m[34mSELECT sqlite_version(*)[0m
  [1m[35m (0.7ms)[0m  [1m[34mSELECT sqlite_version(*)[0m
  [1m[35m (0.6ms)[0m  [1m[34mSELECT sqlite_version(*)[0m
  [1m[35m (0.5ms)[0m  [1m[34mSELECT sqlite_version(*)[0m
  [1m[35m (0.5ms)[0m  [1m[34mSELECT sqlite_version(*)[0m
  [1m[35m (0.5ms)[0m  [1m[34mSELECT sqlite_version(*)[0m
  [1m[35m (0.7ms)[0m  [1m[34mSELECT sqlite_version(*)[0m
  [1m[35m (0.5ms)[0m  [1m[34mSELECT sqlite_version(*)[0m
  [1m[35m (0.6ms)[0m  [1m[34mSELECT sqlite_version(*)[0m
  [1m[35m (0.5ms)[0m  [1m[34mSELECT sqlite_version(*)[0m
Started GET "/" for 127.0.0.1 at 2022-03-21 15:30:21 +0300
  [1m[35m (0.4ms)[0m  [1m[34mSELECT sqlite_version(*)[0m
  [1m[35m (0.2ms)[0m  [1m[34mSELECT "schema_migrations"."version" FROM "schema_migrations" ORDER BY "schema_migrations"."version" ASC[0m
Processing by Rails::WelcomeController#index as HTML
  Rendering /usr/share/rvm/gems/ruby-2.7.4/gems/railties-6.1.5/lib/rails/templates/rails/welcome/index.html.erb
  Rendered /usr/share/rvm/gems/ruby-2.7.4/gems/railties-6.1.5/lib/rails/templates/rails/welcome/index.html.erb (Duration: 28.3ms | Allocations: 328)
Completed 200 OK in 56ms (Views: 31.0ms | ActiveRecord: 0.0ms | Allocations: 2393)


Started GET "/persons" for 127.0.0.1 at 2022-03-21 15:30:48 +0300
Processing by PersonsController#index as HTML
  Rendering layout layouts/application.html.erb
  Rendering persons/index.html.erb within layouts/application
  [1m[36mPerson Load (0.2ms)[0m  [1m[34mSELECT "people".* FROM "people"[0m
  ↳ app/views/persons/index.html.erb:4
  Rendered persons/index.html.erb within layouts/application (Duration: 26.4ms | Allocations: 16200)
[Webpacker] Everything's up-to-date. Nothing to do
  Rendered layout layouts/application.html.erb (Duration: 34.4ms | Allocations: 20755)
Completed 200 OK in 38ms (Views: 34.7ms | ActiveRecord: 1.2ms | Allocations: 22203)


Started GET "/persons" for 127.0.0.1 at 2022-03-21 15:31:27 +0300
Processing by PersonsController#index as HTML
  Rendering layout layouts/application.html.erb
  Rendering persons/index.html.erb within layouts/application
  [1m[36mPerson Load (0.1ms)[0m  [1m[34mSELECT "people".* FROM "people"[0m
  ↳ app/views/persons/index.html.erb:4
  Rendered persons/index.html.erb within layouts/application (Duration: 9.9ms | Allocations: 6715)
[Webpacker] Everything's up-to-date. Nothing to do
  Rendered layout layouts/application.html.erb (Duration: 14.7ms | Allocations: 9596)
Completed 200 OK in 16ms (Views: 15.1ms | ActiveRecord: 0.1ms | Allocations: 9988)


Started GET "/persons" for 127.0.0.1 at 2022-03-21 15:31:28 +0300
Processing by PersonsController#index as HTML
  Rendering layout layouts/application.html.erb
  Rendering persons/index.html.erb within layouts/application
  [1m[36mPerson Load (0.2ms)[0m  [1m[34mSELECT "people".* FROM "people"[0m
  ↳ app/views/persons/index.html.erb:4
  Rendered persons/index.html.erb within layouts/application (Duration: 15.1ms | Allocations: 6724)
[Webpacker] Everything's up-to-date. Nothing to do
  Rendered layout layouts/application.html.erb (Duration: 20.5ms | Allocations: 9607)
Completed 200 OK in 22ms (Views: 21.0ms | ActiveRecord: 0.2ms | Allocations: 10005)


Started GET "/persons" for 127.0.0.1 at 2022-03-21 15:31:29 +0300
Processing by PersonsController#index as HTML
  Rendering layout layouts/application.html.erb
  Rendering persons/index.html.erb within layouts/application
  [1m[36mPerson Load (0.1ms)[0m  [1m[34mSELECT "people".* FROM "people"[0m
  ↳ app/views/persons/index.html.erb:4
  Rendered persons/index.html.erb within layouts/application (Duration: 12.1ms | Allocations: 6724)
[Webpacker] Everything's up-to-date. Nothing to do
  Rendered layout layouts/application.html.erb (Duration: 16.6ms | Allocations: 9607)
Completed 200 OK in 18ms (Views: 17.0ms | ActiveRecord: 0.1ms | Allocations: 10005)


Started GET "/persons" for 127.0.0.1 at 2022-03-21 15:31:30 +0300
Processing by PersonsController#index as HTML
  Rendering layout layouts/application.html.erb
  Rendering persons/index.html.erb within layouts/application
  [1m[36mPerson Load (0.2ms)[0m  [1m[34mSELECT "people".* FROM "people"[0m
  ↳ app/views/persons/index.html.erb:4
  Rendered persons/index.html.erb within layouts/application (Duration: 11.5ms | Allocations: 6724)
[Webpacker] Everything's up-to-date. Nothing to do
  Rendered layout layouts/application.html.erb (Duration: 15.6ms | Allocations: 9607)
Completed 200 OK in 17ms (Views: 16.0ms | ActiveRecord: 0.2ms | Allocations: 10006)


Started GET "/persons" for 127.0.0.1 at 2022-03-21 15:31:31 +0300
Processing by PersonsController#index as HTML
  Rendering layout layouts/application.html.erb
  Rendering persons/index.html.erb within layouts/application
  [1m[36mPerson Load (0.2ms)[0m  [1m[34mSELECT "people".* FROM "people"[0m
  ↳ app/views/persons/index.html.erb:4
  Rendered persons/index.html.erb within layouts/application (Duration: 11.5ms | Allocations: 6714)
[Webpacker] Everything's up-to-date. Nothing to do
  Rendered layout layouts/application.html.erb (Duration: 15.6ms | Allocations: 9603)
Completed 200 OK in 16ms (Views: 15.8ms | ActiveRecord: 0.2ms | Allocations: 9992)


Started GET "/persons" for 127.0.0.1 at 2022-03-21 15:31:32 +0300
Processing by PersonsController#index as HTML
  Rendering layout layouts/application.html.erb
  Rendering persons/index.html.erb within layouts/application
  [1m[36mPerson Load (0.2ms)[0m  [1m[34mSELECT "people".* FROM "people"[0m
  ↳ app/views/persons/index.html.erb:4
  Rendered persons/index.html.erb within layouts/application (Duration: 11.3ms | Allocations: 6714)
[Webpacker] Everything's up-to-date. Nothing to do
  Rendered layout layouts/application.html.erb (Duration: 15.9ms | Allocations: 9600)
Completed 200 OK in 17ms (Views: 16.4ms | ActiveRecord: 0.2ms | Allocations: 9988)


  [1m[35m (0.5ms)[0m  [1m[34mSELECT sqlite_version(*)[0m
  [1m[36mPerson Load (0.2ms)[0m  [1m[34mSELECT "people".* FROM "people"[0m
  [1m[36mTRANSACTION (0.1ms)[0m  [1m[36mbegin transaction[0m
  [1m[36mPerson Destroy (0.3ms)[0m  [1m[31mDELETE FROM "people" WHERE "people"."id" = ?[0m  [["id", 1]]
  [1m[36mTRANSACTION (34.6ms)[0m  [1m[36mcommit transaction[0m
  [1m[36mTRANSACTION (0.1ms)[0m  [1m[36mbegin transaction[0m
  [1m[36mPerson Destroy (0.3ms)[0m  [1m[31mDELETE FROM "people" WHERE "people"."id" = ?[0m  [["id", 2]]
  [1m[36mTRANSACTION (51.0ms)[0m  [1m[36mcommit transaction[0m
  [1m[36mTRANSACTION (0.1ms)[0m  [1m[36mbegin transaction[0m
  [1m[36mPerson Destroy (0.4ms)[0m  [1m[31mDELETE FROM "people" WHERE "people"."id" = ?[0m  [["id", 3]]
  [1m[36mTRANSACTION (58.0ms)[0m  [1m[36mcommit transaction[0m
  [1m[36mTRANSACTION (0.8ms)[0m  [1m[36mbegin transaction[0m
  [1m[36mPerson Destroy (0.4ms)[0m  [1m[31mDELETE FROM "people" WHERE "people"."id" = ?[0m  [["id", 4]]
  [1m[36mTRANSACTION (58.5ms)[0m  [1m[36mcommit transaction[0m
  [1m[36mTRANSACTION (0.1ms)[0m  [1m[36mbegin transaction[0m
  [1m[36mPerson Destroy (0.2ms)[0m  [1m[31mDELETE FROM "people" WHERE "people"."id" = ?[0m  [["id", 5]]
  [1m[36mTRANSACTION (62.5ms)[0m  [1m[36mcommit transaction[0m
  [1m[36mTRANSACTION (0.1ms)[0m  [1m[36mbegin transaction[0m
  [1m[36mPerson Destroy (0.4ms)[0m  [1m[31mDELETE FROM "people" WHERE "people"."id" = ?[0m  [["id", 6]]
  [1m[36mTRANSACTION (72.6ms)[0m  [1m[36mcommit transaction[0m
  [1m[36mTRANSACTION (0.1ms)[0m  [1m[36mbegin transaction[0m
  [1m[36mPerson Destroy (0.4ms)[0m  [1m[31mDELETE FROM "people" WHERE "people"."id" = ?[0m  [["id", 7]]
  [1m[36mTRANSACTION (53.0ms)[0m  [1m[36mcommit transaction[0m
  [1m[36mTRANSACTION (0.1ms)[0m  [1m[36mbegin transaction[0m
  [1m[36mPerson Destroy (0.5ms)[0m  [1m[31mDELETE FROM "people" WHERE "people"."id" = ?[0m  [["id", 8]]
  [1m[36mTRANSACTION (18.9ms)[0m  [1m[36mcommit transaction[0m
  [1m[36mTRANSACTION (0.1ms)[0m  [1m[36mbegin transaction[0m
  [1m[36mPerson Destroy (0.3ms)[0m  [1m[31mDELETE FROM "people" WHERE "people"."id" = ?[0m  [["id", 11]]
  [1m[36mTRANSACTION (66.5ms)[0m  [1m[36mcommit transaction[0m
  [1m[36mTRANSACTION (0.1ms)[0m  [1m[36mbegin transaction[0m
  [1m[36mPerson Destroy (0.5ms)[0m  [1m[31mDELETE FROM "people" WHERE "people"."id" = ?[0m  [["id", 12]]
  [1m[36mTRANSACTION (67.8ms)[0m  [1m[36mcommit transaction[0m
  [1m[36mTRANSACTION (0.1ms)[0m  [1m[36mbegin transaction[0m
  [1m[36mPerson Destroy (0.4ms)[0m  [1m[31mDELETE FROM "people" WHERE "people"."id" = ?[0m  [["id", 13]]
  [1m[36mTRANSACTION (82.8ms)[0m  [1m[36mcommit transaction[0m
Started GET "/persons" for 127.0.0.1 at 2022-03-21 15:31:56 +0300
Processing by PersonsController#index as HTML
  Rendering layout layouts/application.html.erb
  Rendering persons/index.html.erb within layouts/application
  [1m[36mPerson Load (0.1ms)[0m  [1m[34mSELECT "people".* FROM "people"[0m
  ↳ app/views/persons/index.html.erb:4
  Rendered persons/index.html.erb within layouts/application (Duration: 2.5ms | Allocations: 663)
[Webpacker] Everything's up-to-date. Nothing to do
  Rendered layout layouts/application.html.erb (Duration: 8.3ms | Allocations: 3548)
Completed 200 OK in 10ms (Views: 8.8ms | ActiveRecord: 0.1ms | Allocations: 3936)


Started GET "/persons" for 127.0.0.1 at 2022-03-21 15:34:10 +0300
Processing by PersonsController#index as HTML
Completed 406 Not Acceptable in 3ms (ActiveRecord: 0.0ms | Allocations: 1881)


  
ActionController::MissingExactTemplate (PersonsController#index is missing a template for request formats: text/html):
  
actionpack (6.1.5) lib/action_controller/metal/implicit_render.rb:45:in `default_render'
actionpack (6.1.5) lib/action_controller/metal/basic_implicit_render.rb:6:in `block in send_action'
actionpack (6.1.5) lib/action_controller/metal/basic_implicit_render.rb:6:in `tap'
actionpack (6.1.5) lib/action_controller/metal/basic_implicit_render.rb:6:in `send_action'
actionpack (6.1.5) lib/abstract_controller/base.rb:228:in `process_action'
actionpack (6.1.5) lib/action_controller/metal/rendering.rb:30:in `process_action'
actionpack (6.1.5) lib/abstract_controller/callbacks.rb:42:in `block in process_action'
activesupport (6.1.5) lib/active_support/callbacks.rb:117:in `block in run_callbacks'
actiontext (6.1.5) lib/action_text/rendering.rb:20:in `with_renderer'
actiontext (6.1.5) lib/action_text/engine.rb:59:in `block (4 levels) in <class:Engine>'
activesupport (6.1.5) lib/active_support/callbacks.rb:126:in `instance_exec'
activesupport (6.1.5) lib/active_support/callbacks.rb:126:in `block in run_callbacks'
activesupport (6.1.5) lib/active_support/callbacks.rb:137:in `run_callbacks'
actionpack (6.1.5) lib/abstract_controller/callbacks.rb:41:in `process_action'
actionpack (6.1.5) lib/action_controller/metal/rescue.rb:22:in `process_action'
actionpack (6.1.5) lib/action_controller/metal/instrumentation.rb:34:in `block in process_action'
activesupport (6.1.5) lib/active_support/notifications.rb:203:in `block in instrument'
activesupport (6.1.5) lib/active_support/notifications/instrumenter.rb:24:in `instrument'
activesupport (6.1.5) lib/active_support/notifications.rb:203:in `instrument'
actionpack (6.1.5) lib/action_controller/metal/instrumentation.rb:33:in `process_action'
actionpack (6.1.5) lib/action_controller/metal/params_wrapper.rb:249:in `process_action'
activerecord (6.1.5) lib/active_record/railties/controller_runtime.rb:27:in `process_action'
actionpack (6.1.5) lib/abstract_controller/base.rb:165:in `process'
actionview (6.1.5) lib/action_view/rendering.rb:39:in `process'
actionpack (6.1.5) lib/action_controller/metal.rb:190:in `dispatch'
actionpack (6.1.5) lib/action_controller/metal.rb:254:in `dispatch'
actionpack (6.1.5) lib/action_dispatch/routing/route_set.rb:50:in `dispatch'
actionpack (6.1.5) lib/action_dispatch/routing/route_set.rb:33:in `serve'
actionpack (6.1.5) lib/action_dispatch/journey/router.rb:50:in `block in serve'
actionpack (6.1.5) lib/action_dispatch/journey/router.rb:32:in `each'
actionpack (6.1.5) lib/action_dispatch/journey/router.rb:32:in `serve'
actionpack (6.1.5) lib/action_dispatch/routing/route_set.rb:842:in `call'
rack (2.2.3) lib/rack/tempfile_reaper.rb:15:in `call'
rack (2.2.3) lib/rack/etag.rb:27:in `call'
rack (2.2.3) lib/rack/conditional_get.rb:27:in `call'
rack (2.2.3) lib/rack/head.rb:12:in `call'
actionpack (6.1.5) lib/action_dispatch/http/permissions_policy.rb:22:in `call'
actionpack (6.1.5) lib/action_dispatch/http/content_security_policy.rb:19:in `call'
rack (2.2.3) lib/rack/session/abstract/id.rb:266:in `context'
rack (2.2.3) lib/rack/session/abstract/id.rb:260:in `call'
actionpack (6.1.5) lib/action_dispatch/middleware/cookies.rb:689:in `call'
activerecord (6.1.5) lib/active_record/migration.rb:601:in `call'
actionpack (6.1.5) lib/action_dispatch/middleware/callbacks.rb:27:in `block in call'
activesupport (6.1.5) lib/active_support/callbacks.rb:98:in `run_callbacks'
actionpack (6.1.5) lib/action_dispatch/middleware/callbacks.rb:26:in `call'
actionpack (6.1.5) lib/action_dispatch/middleware/executor.rb:14:in `call'
actionpack (6.1.5) lib/action_dispatch/middleware/actionable_exceptions.rb:18:in `call'
actionpack (6.1.5) lib/action_dispatch/middleware/debug_exceptions.rb:29:in `call'
web-console (4.2.0) lib/web_console/middleware.rb:132:in `call_app'
web-console (4.2.0) lib/web_console/middleware.rb:28:in `block in call'
web-console (4.2.0) lib/web_console/middleware.rb:17:in `catch'
web-console (4.2.0) lib/web_console/middleware.rb:17:in `call'
actionpack (6.1.5) lib/action_dispatch/middleware/show_exceptions.rb:33:in `call'
railties (6.1.5) lib/rails/rack/logger.rb:37:in `call_app'
railties (6.1.5) lib/rails/rack/logger.rb:26:in `block in call'
activesupport (6.1.5) lib/active_support/tagged_logging.rb:99:in `block in tagged'
activesupport (6.1.5) lib/active_support/tagged_logging.rb:37:in `tagged'
activesupport (6.1.5) lib/active_support/tagged_logging.rb:99:in `tagged'
railties (6.1.5) lib/rails/rack/logger.rb:26:in `call'
sprockets-rails (3.4.2) lib/sprockets/rails/quiet_assets.rb:13:in `call'
actionpack (6.1.5) lib/action_dispatch/middleware/remote_ip.rb:81:in `call'
actionpack (6.1.5) lib/action_dispatch/middleware/request_id.rb:26:in `call'
rack (2.2.3) lib/rack/method_override.rb:24:in `call'
rack (2.2.3) lib/rack/runtime.rb:22:in `call'
activesupport (6.1.5) lib/active_support/cache/strategy/local_cache_middleware.rb:29:in `call'
actionpack (6.1.5) lib/action_dispatch/middleware/executor.rb:14:in `call'
actionpack (6.1.5) lib/action_dispatch/middleware/static.rb:24:in `call'
rack (2.2.3) lib/rack/sendfile.rb:110:in `call'
actionpack (6.1.5) lib/action_dispatch/middleware/host_authorization.rb:148:in `call'
rack-mini-profiler (2.3.4) lib/mini_profiler/profiler.rb:393:in `call'
webpacker (5.4.3) lib/webpacker/dev_server_proxy.rb:25:in `perform_request'
rack-proxy (0.7.2) lib/rack/proxy.rb:67:in `call'
railties (6.1.5) lib/rails/engine.rb:539:in `call'
puma (5.6.2) lib/puma/configuration.rb:252:in `call'
puma (5.6.2) lib/puma/request.rb:77:in `block in handle_request'
puma (5.6.2) lib/puma/thread_pool.rb:340:in `with_force_shutdown'
puma (5.6.2) lib/puma/request.rb:76:in `handle_request'
puma (5.6.2) lib/puma/server.rb:441:in `process_client'
puma (5.6.2) lib/puma/thread_pool.rb:147:in `block in spawn_thread'
Started GET "/persons" for 127.0.0.1 at 2022-03-21 15:34:20 +0300
  [1m[35m (0.5ms)[0m  [1m[34mSELECT sqlite_version(*)[0m
  [1m[35m (0.2ms)[0m  [1m[34mSELECT "schema_migrations"."version" FROM "schema_migrations" ORDER BY "schema_migrations"."version" ASC[0m
Processing by PersonsController#index as HTML
  Rendering layout layouts/application.html.erb
  Rendering persons/index.html.slim within layouts/application
  [1m[36mPerson Load (0.2ms)[0m  [1m[34mSELECT "people".* FROM "people"[0m
  ↳ app/views/persons/index.html.slim:4
  Rendered persons/index.html.slim within layouts/application (Duration: 14.3ms | Allocations: 10530)
[Webpacker] Everything's up-to-date. Nothing to do
  Rendered layout layouts/application.html.erb (Duration: 40.5ms | Allocations: 15093)
Completed 200 OK in 51ms (Views: 43.1ms | ActiveRecord: 0.2ms | Allocations: 17972)


Started GET "/persons" for 127.0.0.1 at 2022-03-21 15:34:54 +0300
Processing by PersonsController#index as HTML
  Rendering layout layouts/application.html.erb
  Rendering persons/index.html.slim within layouts/application
  [1m[36mPerson Load (0.1ms)[0m  [1m[34mSELECT "people".* FROM "people"[0m
  ↳ app/views/persons/index.html.slim:4
  Rendered persons/index.html.slim within layouts/application (Duration: 6.8ms | Allocations: 3552)
[Webpacker] Everything's up-to-date. Nothing to do
  Rendered layout layouts/application.html.erb (Duration: 12.7ms | Allocations: 6613)
Completed 200 OK in 16ms (Views: 14.4ms | ActiveRecord: 0.1ms | Allocations: 7729)


Started GET "/persons" for 127.0.0.1 at 2022-03-21 15:34:56 +0300
Processing by PersonsController#index as HTML
  Rendering layout layouts/application.html.erb
  Rendering persons/index.html.slim within layouts/application
  [1m[36mPerson Load (0.1ms)[0m  [1m[34mSELECT "people".* FROM "people"[0m
  ↳ app/views/persons/index.html.slim:4
  Rendered persons/index.html.slim within layouts/application (Duration: 2.1ms | Allocations: 670)
[Webpacker] Everything's up-to-date. Nothing to do
  Rendered layout layouts/application.html.erb (Duration: 6.9ms | Allocations: 3552)
Completed 200 OK in 8ms (Views: 7.4ms | ActiveRecord: 0.1ms | Allocations: 3939)


Started GET "/persons" for 127.0.0.1 at 2022-03-21 15:42:16 +0300
Processing by PersonsController#index as HTML
  Rendering layout layouts/application.html.erb
  Rendering persons/index.html.slim within layouts/application
  [1m[35m (0.1ms)[0m  [1m[34mSELECT sqlite_version(*)[0m
  ↳ app/views/persons/index.html.slim:4
  [1m[36mPerson Load (0.2ms)[0m  [1m[34mSELECT "people".* FROM "people"[0m
  ↳ app/views/persons/index.html.slim:4
  Rendered persons/index.html.slim within layouts/application (Duration: 4.1ms | Allocations: 1391)
[Webpacker] Everything's up-to-date. Nothing to do
  Rendered layout layouts/application.html.erb (Duration: 9.1ms | Allocations: 4281)
Completed 200 OK in 10ms (Views: 9.6ms | ActiveRecord: 0.5ms | Allocations: 4670)


Started GET "/persons" for 127.0.0.1 at 2022-03-21 15:42:17 +0300
Processing by PersonsController#index as HTML
  Rendering layout layouts/application.html.erb
  Rendering persons/index.html.slim within layouts/application
  [1m[36mPerson Load (0.1ms)[0m  [1m[34mSELECT "people".* FROM "people"[0m
  ↳ app/views/persons/index.html.slim:4
  Rendered persons/index.html.slim within layouts/application (Duration: 1.9ms | Allocations: 670)
[Webpacker] Everything's up-to-date. Nothing to do
  Rendered layout layouts/application.html.erb (Duration: 6.3ms | Allocations: 3552)
Completed 200 OK in 8ms (Views: 6.7ms | ActiveRecord: 0.1ms | Allocations: 3939)


Started GET "/persons" for 127.0.0.1 at 2022-03-21 15:42:17 +0300
Processing by PersonsController#index as HTML
  Rendering layout layouts/application.html.erb
  Rendering persons/index.html.slim within layouts/application
  [1m[36mPerson Load (0.1ms)[0m  [1m[34mSELECT "people".* FROM "people"[0m
  ↳ app/views/persons/index.html.slim:4
  Rendered persons/index.html.slim within layouts/application (Duration: 2.7ms | Allocations: 678)
[Webpacker] Everything's up-to-date. Nothing to do
  Rendered layout layouts/application.html.erb (Duration: 8.8ms | Allocations: 3562)
Completed 200 OK in 10ms (Views: 9.3ms | ActiveRecord: 0.1ms | Allocations: 3960)


Started GET "/persons" for 127.0.0.1 at 2022-03-21 15:42:18 +0300
Processing by PersonsController#index as HTML
  Rendering layout layouts/application.html.erb
  Rendering persons/index.html.slim within layouts/application
  [1m[36mPerson Load (0.1ms)[0m  [1m[34mSELECT "people".* FROM "people"[0m
  ↳ app/views/persons/index.html.slim:4
  Rendered persons/index.html.slim within layouts/application (Duration: 2.2ms | Allocations: 678)
[Webpacker] Everything's up-to-date. Nothing to do
  Rendered layout layouts/application.html.erb (Duration: 7.0ms | Allocations: 3562)
Completed 200 OK in 8ms (Views: 7.5ms | ActiveRecord: 0.1ms | Allocations: 3960)


Started GET "/persons" for 127.0.0.1 at 2022-03-21 15:42:49 +0300
  [1m[35m (0.4ms)[0m  [1m[34mSELECT sqlite_version(*)[0m
  [1m[35m (0.2ms)[0m  [1m[34mSELECT "schema_migrations"."version" FROM "schema_migrations" ORDER BY "schema_migrations"."version" ASC[0m
Processing by PersonsController#index as HTML
  Rendering layout layouts/application.html.erb
  Rendering persons/index.html.slim within layouts/application
  [1m[36mPerson Load (0.2ms)[0m  [1m[34mSELECT "people".* FROM "people"[0m
  ↳ app/views/persons/index.html.slim:4
  Rendered persons/index.html.slim within layouts/application (Duration: 15.4ms | Allocations: 10979)
[Webpacker] Everything's up-to-date. Nothing to do
  Rendered layout layouts/application.html.erb (Duration: 42.3ms | Allocations: 15542)
Completed 200 OK in 54ms (Views: 44.5ms | ActiveRecord: 0.2ms | Allocations: 18421)


Started GET "/persons" for 127.0.0.1 at 2022-03-21 15:43:07 +0300
Processing by PersonsController#index as HTML
  Rendering layout layouts/application.html.erb
  Rendering persons/index.html.slim within layouts/application
  [1m[36mPerson Load (0.1ms)[0m  [1m[34mSELECT "people".* FROM "people"[0m
  ↳ app/views/persons/index.html.slim:4
  Rendered persons/index.html.slim within layouts/application (Duration: 6.2ms | Allocations: 3944)
[Webpacker] Everything's up-to-date. Nothing to do
  Rendered layout layouts/application.html.erb (Duration: 12.1ms | Allocations: 7003)
Completed 200 OK in 15ms (Views: 13.9ms | ActiveRecord: 0.1ms | Allocations: 8119)


